#
# There is insufficient memory for the Java Runtime Environment to continue.
# Native memory allocation (malloc) failed to allocate 1012416 bytes for Chunk::new
# Possible reasons:
#   The system is out of physical RAM or swap space
#   The process is running with CompressedOops enabled, and the Java Heap may be blocking the growth of the native heap
# Possible solutions:
#   Reduce memory load on the system
#   Increase physical memory or swap space
#   Check if swap backing store is full
#   Decrease Java heap size (-Xmx/-Xms)
#   Decrease number of Java threads
#   Decrease Java thread stack sizes (-Xss)
#   Set larger code cache with -XX:ReservedCodeCacheSize=
#   JVM is running with Unscaled Compressed Oops mode in which the Java heap is
#     placed in the first 4GB address space. The Java Heap base address is the
#     maximum limit for the native heap growth. Please use -XX:HeapBaseMinAddress
#     to set the Java Heap base and to place the Java Heap above 4GB virtual address.
# This output file may be truncated or incomplete.
#
#  Out of Memory Error (./src/hotspot/share/memory/arena.cpp:197), pid=15380, tid=15660
#
# JRE version: OpenJDK Runtime Environment (11.0.10) (build 11.0.10+0-b96-7249189)
# Java VM: OpenJDK 64-Bit Server VM (11.0.10+0-b96-7249189, mixed mode, tiered, compressed oops, g1 gc, windows-amd64)
# No core dump will be written. Minidumps are not enabled by default on client versions of Windows
#

---------------  S U M M A R Y ------------

Command Line: --add-opens=java.base/java.util=ALL-UNNAMED --add-opens=java.base/java.lang=ALL-UNNAMED --add-opens=java.base/java.lang.invoke=ALL-UNNAMED --add-opens=java.base/java.util=ALL-UNNAMED --add-opens=java.prefs/java.util.prefs=ALL-UNNAMED --add-opens=java.prefs/java.util.prefs=ALL-UNNAMED --add-opens=java.base/java.nio.charset=ALL-UNNAMED --add-opens=java.base/java.net=ALL-UNNAMED --add-opens=java.base/java.util.concurrent.atomic=ALL-UNNAMED -Xmx2048m -Dfile.encoding=x-windows-949 -Duser.country=KR -Duser.language=ko -Duser.variant org.gradle.launcher.daemon.bootstrap.GradleDaemon 7.1.1

Host: Intel(R) Core(TM) i5-4690 CPU @ 3.50GHz, 4 cores, 15G,  Windows 10 , 64 bit Build 19041 (10.0.19041.1348)
Time: Sun Dec  5 22:43:29 2021 대한민국 표준시 elapsed time: 889.651596 seconds (0d 0h 14m 49s)

---------------  T H R E A D  ---------------

Current thread (0x0000026dda8ef000):  JavaThread "C2 CompilerThread0" daemon [_thread_in_native, id=15660, stack(0x0000009489000000,0x0000009489100000)]


Current CompileTask:
C2: 889651 14651   !   4       java.io.ObjectOutputStream::writeObject0 (619 bytes)

Stack: [0x0000009489000000,0x0000009489100000]
Native frames: (J=compiled Java code, j=interpreted, Vv=VM code, C=native code)
V  [jvm.dll+0x5ecfaa]
V  [jvm.dll+0x722bd5]
V  [jvm.dll+0x72412d]
V  [jvm.dll+0x7247e3]
V  [jvm.dll+0x242928]
V  [jvm.dll+0xbc4fc]
V  [jvm.dll+0xbca0c]
V  [jvm.dll+0x2b4fd4]
V  [jvm.dll+0x506028]
V  [jvm.dll+0x203253]
V  [jvm.dll+0x1fd07c]
V  [jvm.dll+0x1fa77f]
V  [jvm.dll+0x18354c]
V  [jvm.dll+0x208ee7]
V  [jvm.dll+0x207731]
V  [jvm.dll+0x6eb1cf]
V  [jvm.dll+0x6e3d45]
V  [jvm.dll+0x5ebe96]
C  [ucrtbase.dll+0x21bb2]
C  [KERNEL32.DLL+0x17034]
C  [ntdll.dll+0x52651]


---------------  P R O C E S S  ---------------

Threads class SMR info:
_java_thread_list=0x0000026ddade8590, length=83, elements={
0x0000026dbe4d2800, 0x0000026dda872800, 0x0000026dda875800, 0x0000026dda8eb800,
0x0000026dda8ec000, 0x0000026dda8ed800, 0x0000026dda8ef000, 0x0000026dda8f6000,
0x0000026dda8f9800, 0x0000026ddaa5b800, 0x0000026ddc91a800, 0x0000026ddddc4000,
0x0000026ddb952800, 0x0000026ddcc5e800, 0x0000026ddcc61000, 0x0000026ddcc5d000,
0x0000026ddcc5c000, 0x0000026ddcc5e000, 0x0000026dde3f1800, 0x0000026dde3f1000,
0x0000026dde3f2800, 0x0000026dde3f0000, 0x0000026dde3f9000, 0x0000026ddbde7800,
0x0000026ddbdea000, 0x0000026ddbddf800, 0x0000026ddbde0800, 0x0000026de323c800,
0x0000026de3240800, 0x0000026de3241800, 0x0000026de3236000, 0x0000026de323a000,
0x0000026de323b000, 0x0000026de3239800, 0x0000026de3237000, 0x0000026de3235000,
0x0000026de323b800, 0x0000026de323d800, 0x0000026de3237800, 0x0000026de323e000,
0x0000026de3238800, 0x0000026de3244000, 0x0000026de323f000, 0x0000026de3242000,
0x0000026de3243000, 0x0000026de3240000, 0x0000026ddbde2000, 0x0000026ddbdde800,
0x0000026ddbde2800, 0x0000026ddbde1000, 0x0000026ddbddd000, 0x0000026ddbde3800,
0x0000026ddbdde000, 0x0000026ddbde8800, 0x0000026ddbdeb000, 0x0000026ddbde5000,
0x0000026ddbde9800, 0x0000026ddbde6000, 0x0000026ddbde7000, 0x0000026dde3f4000,
0x0000026dde3ee800, 0x0000026dde3f8000, 0x0000026dde3f6000, 0x0000026dde3f6800,
0x0000026dde3f7800, 0x0000026dde3fa000, 0x0000026dde3fa800, 0x0000026dde3f5000,
0x0000026dde3fb800, 0x0000026dde3fc800, 0x0000026dde3fd000, 0x0000026ddcc62000,
0x0000026ddcc5f800, 0x0000026ddcc60800, 0x0000026ddcc62800, 0x0000026de361d000,
0x0000026de361d800, 0x0000026de361b800, 0x0000026de361e800, 0x0000026de361f800,
0x0000026de3619800, 0x0000026de3854000, 0x0000026ddeb56800
}

Java Threads: ( => current thread )
  0x0000026dbe4d2800 JavaThread "main" [_thread_blocked, id=5032, stack(0x0000009488400000,0x0000009488500000)]
  0x0000026dda872800 JavaThread "Reference Handler" daemon [_thread_blocked, id=16036, stack(0x0000009488b00000,0x0000009488c00000)]
  0x0000026dda875800 JavaThread "Finalizer" daemon [_thread_blocked, id=15748, stack(0x0000009488c00000,0x0000009488d00000)]
  0x0000026dda8eb800 JavaThread "Signal Dispatcher" daemon [_thread_blocked, id=16904, stack(0x0000009488d00000,0x0000009488e00000)]
  0x0000026dda8ec000 JavaThread "Attach Listener" daemon [_thread_blocked, id=5708, stack(0x0000009488e00000,0x0000009488f00000)]
  0x0000026dda8ed800 JavaThread "Service Thread" daemon [_thread_blocked, id=9152, stack(0x0000009488f00000,0x0000009489000000)]
=>0x0000026dda8ef000 JavaThread "C2 CompilerThread0" daemon [_thread_in_native, id=15660, stack(0x0000009489000000,0x0000009489100000)]
  0x0000026dda8f6000 JavaThread "C1 CompilerThread0" daemon [_thread_blocked, id=19936, stack(0x0000009489100000,0x0000009489200000)]
  0x0000026dda8f9800 JavaThread "Sweeper thread" daemon [_thread_blocked, id=16844, stack(0x0000009489200000,0x0000009489300000)]
  0x0000026ddaa5b800 JavaThread "Common-Cleaner" daemon [_thread_blocked, id=17252, stack(0x0000009489300000,0x0000009489400000)]
  0x0000026ddc91a800 JavaThread "Daemon health stats" [_thread_blocked, id=23516, stack(0x0000009489900000,0x0000009489a00000)]
  0x0000026ddddc4000 JavaThread "Incoming local TCP Connector on port 62280" [_thread_in_native, id=22908, stack(0x0000009489500000,0x0000009489600000)]
  0x0000026ddb952800 JavaThread "Daemon periodic checks" [_thread_blocked, id=22828, stack(0x0000009489a00000,0x0000009489b00000)]
  0x0000026ddcc5e800 JavaThread "Cache worker for journal cache (C:\Users\kkw22\.gradle\caches\journal-1)" [_thread_blocked, id=18820, stack(0x000000948a200000,0x000000948a300000)]
  0x0000026ddcc61000 JavaThread "File lock request listener" [_thread_in_native, id=5168, stack(0x000000948a300000,0x000000948a400000)]
  0x0000026ddcc5d000 JavaThread "Cache worker for file hash cache (C:\Users\kkw22\.gradle\caches\7.1.1\fileHashes)" [_thread_blocked, id=20728, stack(0x000000948a400000,0x000000948a500000)]
  0x0000026ddcc5c000 JavaThread "File watcher server" daemon [_thread_in_native, id=5228, stack(0x000000948a700000,0x000000948a800000)]
  0x0000026ddcc5e000 JavaThread "File watcher consumer" daemon [_thread_blocked, id=9364, stack(0x000000948a800000,0x000000948a900000)]
  0x0000026dde3f1800 JavaThread "Cache worker for execution history cache (C:\Users\kkw22\.gradle\caches\7.1.1\executionHistory)" [_thread_blocked, id=8132, stack(0x000000948ac00000,0x000000948ad00000)]
  0x0000026dde3f1000 JavaThread "jar transforms" [_thread_blocked, id=23268, stack(0x000000948ad00000,0x000000948ae00000)]
  0x0000026dde3f2800 JavaThread "jar transforms Thread 2" [_thread_blocked, id=19812, stack(0x000000948ae00000,0x000000948af00000)]
  0x0000026dde3f0000 JavaThread "Cache worker for file content cache (C:\Users\kkw22\.gradle\caches\7.1.1\fileContent)" [_thread_blocked, id=20532, stack(0x000000948af00000,0x000000948b000000)]
  0x0000026dde3f9000 JavaThread "jar transforms Thread 3" [_thread_blocked, id=21400, stack(0x000000948b100000,0x000000948b200000)]
  0x0000026ddbde7800 JavaThread "jar transforms Thread 4" [_thread_blocked, id=23040, stack(0x000000948db00000,0x000000948dc00000)]
  0x0000026ddbdea000 JavaThread "Memory manager" [_thread_blocked, id=6400, stack(0x000000948dc00000,0x000000948dd00000)]
  0x0000026ddbddf800 JavaThread "Daemon Thread 2" [_thread_blocked, id=11408, stack(0x0000009488100000,0x0000009488200000)]
  0x0000026ddbde0800 JavaThread "Daemon worker Thread 2" [_thread_in_Java, id=10816, stack(0x0000009489b00000,0x0000009489c00000)]
  0x0000026de323c800 JavaThread "ForkJoinPool.commonPool-worker-3" daemon [_thread_blocked, id=21788, stack(0x000000948e600000,0x000000948e700000)]
  0x0000026de3240800 JavaThread "ForkJoinPool.commonPool-worker-5" daemon [_thread_blocked, id=20320, stack(0x000000948e700000,0x000000948e800000)]
  0x0000026de3241800 JavaThread "ForkJoinPool.commonPool-worker-7" daemon [_thread_blocked, id=20344, stack(0x000000948e800000,0x000000948e900000)]
  0x0000026de3236000 JavaThread "Handler for socket connection from /127.0.0.1:62280 to /127.0.0.1:62613" [_thread_in_native, id=18980, stack(0x0000009488200000,0x0000009488300000)]
  0x0000026de323a000 JavaThread "Cancel handler" [_thread_blocked, id=1636, stack(0x0000009488300000,0x0000009488400000)]
  0x0000026de323b000 JavaThread "Asynchronous log dispatcher for DefaultDaemonConnection: socket connection from /127.0.0.1:62280 to /127.0.0.1:62613" [_thread_blocked, id=22704, stack(0x0000009489e00000,0x0000009489f00000)]
  0x0000026de3239800 JavaThread "Stdin handler" [_thread_blocked, id=3532, stack(0x0000009489f00000,0x000000948a000000)]
  0x0000026de3237000 JavaThread "Daemon client event forwarder" [_thread_blocked, id=15308, stack(0x000000948a000000,0x000000948a100000)]
  0x0000026de3235000 JavaThread "Cache worker for file hash cache (C:\Users\kkw22\Desktop\ComposeFest2021\week 3-1-Jetpack Compose theming\.gradle\7.1.1\fileHashes)" [_thread_blocked, id=816, stack(0x000000948a100000,0x000000948a200000)]
  0x0000026de323b800 JavaThread "Cache worker for checksums cache (C:\Users\kkw22\Desktop\ComposeFest2021\week 3-1-Jetpack Compose theming\.gradle\checksums)" [_thread_blocked, id=4252, stack(0x000000948a500000,0x000000948a600000)]
  0x0000026de323d800 JavaThread "Cache worker for cache directory md-supplier (C:\Users\kkw22\.gradle\caches\7.1.1\md-supplier)" [_thread_blocked, id=2640, stack(0x000000948a600000,0x000000948a700000)]
  0x0000026de3237800 JavaThread "Cache worker for cache directory md-rule (C:\Users\kkw22\.gradle\caches\7.1.1\md-rule)" [_thread_blocked, id=20748, stack(0x000000948a900000,0x000000948aa00000)]
  0x0000026de323e000 JavaThread "Cache worker for dependencies-accessors (C:\Users\kkw22\Desktop\ComposeFest2021\week 3-1-Jetpack Compose theming\.gradle\7.1.1\dependencies-accessors)" [_thread_blocked, id=22248, stack(0x000000948aa00000,0x000000948ab00000)]
  0x0000026de3238800 JavaThread "Cache worker for Build Output Cleanup Cache (C:\Users\kkw22\Desktop\ComposeFest2021\week 3-1-Jetpack Compose theming\.gradle\buildOutputCleanup)" [_thread_blocked, id=6624, stack(0x000000948ab00000,0x000000948ac00000)]
  0x0000026de3244000 JavaThread "Unconstrained build operations" [_thread_blocked, id=5604, stack(0x000000948b000000,0x000000948b100000)]
  0x0000026de323f000 JavaThread "Unconstrained build operations Thread 2" [_thread_blocked, id=22840, stack(0x000000948b200000,0x000000948b300000)]
  0x0000026de3242000 JavaThread "Unconstrained build operations Thread 3" [_thread_blocked, id=15240, stack(0x000000948b300000,0x000000948b400000)]
  0x0000026de3243000 JavaThread "Unconstrained build operations Thread 4" [_thread_blocked, id=23392, stack(0x000000948b400000,0x000000948b500000)]
  0x0000026de3240000 JavaThread "Unconstrained build operations Thread 5" [_thread_blocked, id=18724, stack(0x000000948b500000,0x000000948b600000)]
  0x0000026ddbde2000 JavaThread "Unconstrained build operations Thread 6" [_thread_blocked, id=22156, stack(0x000000948b600000,0x000000948b700000)]
  0x0000026ddbdde800 JavaThread "Unconstrained build operations Thread 7" [_thread_blocked, id=3048, stack(0x000000948b700000,0x000000948b800000)]
  0x0000026ddbde2800 JavaThread "Unconstrained build operations Thread 8" [_thread_blocked, id=22976, stack(0x000000948b800000,0x000000948b900000)]
  0x0000026ddbde1000 JavaThread "Unconstrained build operations Thread 9" [_thread_blocked, id=18208, stack(0x000000948b900000,0x000000948ba00000)]
  0x0000026ddbddd000 JavaThread "Unconstrained build operations Thread 10" [_thread_blocked, id=22352, stack(0x000000948ba00000,0x000000948bb00000)]
  0x0000026ddbde3800 JavaThread "Unconstrained build operations Thread 11" [_thread_blocked, id=1364, stack(0x000000948bb00000,0x000000948bc00000)]
  0x0000026ddbdde000 JavaThread "Unconstrained build operations Thread 12" [_thread_blocked, id=23192, stack(0x000000948bc00000,0x000000948bd00000)]
  0x0000026ddbde8800 JavaThread "Unconstrained build operations Thread 13" [_thread_blocked, id=11876, stack(0x000000948bd00000,0x000000948be00000)]
  0x0000026ddbdeb000 JavaThread "Unconstrained build operations Thread 14" [_thread_blocked, id=5016, stack(0x000000948be00000,0x000000948bf00000)]
  0x0000026ddbde5000 JavaThread "Unconstrained build operations Thread 15" [_thread_blocked, id=1524, stack(0x000000948bf00000,0x000000948c000000)]
  0x0000026ddbde9800 JavaThread "Unconstrained build operations Thread 16" [_thread_blocked, id=21760, stack(0x000000948c000000,0x000000948c100000)]
  0x0000026ddbde6000 JavaThread "Unconstrained build operations Thread 17" [_thread_blocked, id=7808, stack(0x000000948c100000,0x000000948c200000)]
  0x0000026ddbde7000 JavaThread "Unconstrained build operations Thread 18" [_thread_blocked, id=18128, stack(0x000000948c200000,0x000000948c300000)]
  0x0000026dde3f4000 JavaThread "Unconstrained build operations Thread 19" [_thread_blocked, id=12168, stack(0x000000948c300000,0x000000948c400000)]
  0x0000026dde3ee800 JavaThread "Unconstrained build operations Thread 20" [_thread_blocked, id=20992, stack(0x000000948c400000,0x000000948c500000)]
  0x0000026dde3f8000 JavaThread "Unconstrained build operations Thread 21" [_thread_blocked, id=19808, stack(0x000000948c500000,0x000000948c600000)]
  0x0000026dde3f6000 JavaThread "Unconstrained build operations Thread 22" [_thread_blocked, id=20816, stack(0x000000948c600000,0x000000948c700000)]
  0x0000026dde3f6800 JavaThread "Unconstrained build operations Thread 23" [_thread_blocked, id=18640, stack(0x000000948c700000,0x000000948c800000)]
  0x0000026dde3f7800 JavaThread "Unconstrained build operations Thread 24" [_thread_blocked, id=1228, stack(0x000000948c800000,0x000000948c900000)]
  0x0000026dde3fa000 JavaThread "Unconstrained build operations Thread 25" [_thread_blocked, id=13936, stack(0x000000948c900000,0x000000948ca00000)]
  0x0000026dde3fa800 JavaThread "Unconstrained build operations Thread 26" [_thread_blocked, id=2624, stack(0x000000948ca00000,0x000000948cb00000)]
  0x0000026dde3f5000 JavaThread "Unconstrained build operations Thread 27" [_thread_blocked, id=12808, stack(0x000000948cb00000,0x000000948cc00000)]
  0x0000026dde3fb800 JavaThread "Unconstrained build operations Thread 28" [_thread_blocked, id=8784, stack(0x000000948cc00000,0x000000948cd00000)]
  0x0000026dde3fc800 JavaThread "Unconstrained build operations Thread 29" [_thread_blocked, id=20160, stack(0x000000948cd00000,0x000000948ce00000)]
  0x0000026dde3fd000 JavaThread "Unconstrained build operations Thread 30" [_thread_blocked, id=9856, stack(0x000000948ce00000,0x000000948cf00000)]
  0x0000026ddcc62000 JavaThread "Unconstrained build operations Thread 31" [_thread_blocked, id=9164, stack(0x000000948cf00000,0x000000948d000000)]
  0x0000026ddcc5f800 JavaThread "Unconstrained build operations Thread 32" [_thread_blocked, id=12892, stack(0x000000948d000000,0x000000948d100000)]
  0x0000026ddcc60800 JavaThread "Unconstrained build operations Thread 33" [_thread_blocked, id=21320, stack(0x000000948d100000,0x000000948d200000)]
  0x0000026ddcc62800 JavaThread "Unconstrained build operations Thread 34" [_thread_blocked, id=18560, stack(0x000000948d200000,0x000000948d300000)]
  0x0000026de361d000 JavaThread "Unconstrained build operations Thread 35" [_thread_blocked, id=14752, stack(0x000000948d300000,0x000000948d400000)]
  0x0000026de361d800 JavaThread "Unconstrained build operations Thread 36" [_thread_blocked, id=10828, stack(0x000000948d400000,0x000000948d500000)]
  0x0000026de361b800 JavaThread "Unconstrained build operations Thread 37" [_thread_blocked, id=4364, stack(0x000000948d500000,0x000000948d600000)]
  0x0000026de361e800 JavaThread "Unconstrained build operations Thread 38" [_thread_blocked, id=17964, stack(0x000000948d600000,0x000000948d700000)]
  0x0000026de361f800 JavaThread "Unconstrained build operations Thread 39" [_thread_blocked, id=19760, stack(0x000000948d700000,0x000000948d800000)]
  0x0000026de3619800 JavaThread "Unconstrained build operations Thread 40" [_thread_blocked, id=3904, stack(0x000000948d800000,0x000000948d900000)]
  0x0000026de3854000 JavaThread "C2 CompilerThread1" daemon [_thread_in_native, id=22056, stack(0x000000948d900000,0x000000948da00000)]
  0x0000026ddeb56800 JavaThread "Cache worker for execution history cache (C:\Users\kkw22\Desktop\ComposeFest2021\week 3-1-Jetpack Compose theming\.gradle\7.1.1\executionHistory)" [_thread_blocked, id=3960, stack(0x000000948e000000,0x000000948e100000)]

Other Threads:
  0x0000026dda046000 VMThread "VM Thread" [stack: 0x0000009488a00000,0x0000009488b00000] [id=16400]
  0x0000026ddaa74800 WatcherThread [stack: 0x0000009489400000,0x0000009489500000] [id=22536]
  0x0000026dbe4e7800 GCTaskThread "GC Thread#0" [stack: 0x0000009488500000,0x0000009488600000] [id=15192]
  0x0000026ddb094800 GCTaskThread "GC Thread#1" [stack: 0x0000009489600000,0x0000009489700000] [id=16680]
  0x0000026ddb2ad800 GCTaskThread "GC Thread#2" [stack: 0x0000009489700000,0x0000009489800000] [id=18100]
  0x0000026ddb3cc800 GCTaskThread "GC Thread#3" [stack: 0x0000009489800000,0x0000009489900000] [id=2136]
  0x0000026dbe518800 ConcurrentGCThread "G1 Main Marker" [stack: 0x0000009488600000,0x0000009488700000] [id=21260]
  0x0000026dbe519800 ConcurrentGCThread "G1 Conc#0" [stack: 0x0000009488700000,0x0000009488800000] [id=21140]
  0x0000026dbe5ae000 ConcurrentGCThread "G1 Refine#0" [stack: 0x0000009488800000,0x0000009488900000] [id=7956]
  0x0000026dd9eb4800 ConcurrentGCThread "G1 Young RemSet Sampling" [stack: 0x0000009488900000,0x0000009488a00000] [id=14084]

Threads with active compile tasks:
C2 CompilerThread0 889706 14651   !   4       java.io.ObjectOutputStream::writeObject0 (619 bytes)
C2 CompilerThread1 889706 14667       4       java.io.ObjectOutputStream::writeClassDesc (60 bytes)

VM state:not at safepoint (normal execution)

VM Mutex/Monitor currently owned by a thread: None

Heap address: 0x0000000080000000, size: 2048 MB, Compressed Oops mode: 32-bit
Narrow klass base: 0x0000000000000000, Narrow klass shift: 3
Compressed class space size: 1073741824 Address: 0x0000000100000000

Heap:
 garbage-first heap   total 262144K, used 123303K [0x0000000080000000, 0x0000000100000000)
  region size 1024K, 38 young (38912K), 5 survivors (5120K)
 Metaspace       used 96720K, capacity 99164K, committed 99328K, reserved 1134592K
  class space    used 12256K, capacity 13204K, committed 13312K, reserved 1048576K
Heap Regions: E=young(eden), S=young(survivor), O=old, HS=humongous(starts), HC=humongous(continues), CS=collection set, F=free, A=archive, TAMS=top-at-mark-start (previous, next)
|   0|0x0000000080000000, 0x0000000080100000, 0x0000000080100000|100%|HS|  |TAMS 0x0000000080100000, 0x0000000080000000| Complete 
|   1|0x0000000080100000, 0x0000000080200000, 0x0000000080200000|100%|HC|  |TAMS 0x0000000080200000, 0x0000000080100000| Complete 
|   2|0x0000000080200000, 0x0000000080300000, 0x0000000080300000|100%|HC|  |TAMS 0x0000000080300000, 0x0000000080200000| Complete 
|   3|0x0000000080300000, 0x0000000080400000, 0x0000000080400000|100%| O|  |TAMS 0x0000000080400000, 0x0000000080300000| Untracked 
|   4|0x0000000080400000, 0x0000000080500000, 0x0000000080500000|100%| O|  |TAMS 0x0000000080500000, 0x0000000080400000| Untracked 
|   5|0x0000000080500000, 0x0000000080600000, 0x0000000080600000|100%| O|  |TAMS 0x0000000080600000, 0x0000000080500000| Untracked 
|   6|0x0000000080600000, 0x0000000080700000, 0x0000000080700000|100%| O|  |TAMS 0x0000000080700000, 0x0000000080600000| Untracked 
|   7|0x0000000080700000, 0x0000000080800000, 0x0000000080800000|100%| O|  |TAMS 0x0000000080800000, 0x0000000080700000| Untracked 
|   8|0x0000000080800000, 0x0000000080900000, 0x0000000080900000|100%| O|  |TAMS 0x0000000080900000, 0x0000000080800000| Untracked 
|   9|0x0000000080900000, 0x0000000080a00000, 0x0000000080a00000|100%| O|  |TAMS 0x0000000080a00000, 0x0000000080900000| Untracked 
|  10|0x0000000080a00000, 0x0000000080b00000, 0x0000000080b00000|100%| O|  |TAMS 0x0000000080b00000, 0x0000000080a00000| Untracked 
|  11|0x0000000080b00000, 0x0000000080c00000, 0x0000000080c00000|100%| O|  |TAMS 0x0000000080c00000, 0x0000000080b00000| Untracked 
|  12|0x0000000080c00000, 0x0000000080d00000, 0x0000000080d00000|100%| O|  |TAMS 0x0000000080d00000, 0x0000000080c00000| Untracked 
|  13|0x0000000080d00000, 0x0000000080e00000, 0x0000000080e00000|100%| O|  |TAMS 0x0000000080e00000, 0x0000000080d00000| Untracked 
|  14|0x0000000080e00000, 0x0000000080f00000, 0x0000000080f00000|100%| O|  |TAMS 0x0000000080f00000, 0x0000000080e00000| Untracked 
|  15|0x0000000080f00000, 0x0000000081000000, 0x0000000081000000|100%| O|  |TAMS 0x0000000081000000, 0x0000000080f00000| Untracked 
|  16|0x0000000081000000, 0x0000000081100000, 0x0000000081100000|100%|HS|  |TAMS 0x0000000081100000, 0x0000000081000000| Complete 
|  17|0x0000000081100000, 0x0000000081200000, 0x0000000081200000|100%|HS|  |TAMS 0x0000000081200000, 0x0000000081100000| Complete 
|  18|0x0000000081200000, 0x0000000081300000, 0x0000000081300000|100%|HS|  |TAMS 0x0000000081300000, 0x0000000081200000| Complete 
|  19|0x0000000081300000, 0x0000000081400000, 0x0000000081400000|100%|HS|  |TAMS 0x0000000081400000, 0x0000000081300000| Complete 
|  20|0x0000000081400000, 0x0000000081500000, 0x0000000081500000|100%|HC|  |TAMS 0x0000000081500000, 0x0000000081400000| Complete 
|  21|0x0000000081500000, 0x0000000081600000, 0x0000000081600000|100%|HC|  |TAMS 0x0000000081600000, 0x0000000081500000| Complete 
|  22|0x0000000081600000, 0x0000000081700000, 0x0000000081700000|100%|HS|  |TAMS 0x0000000081700000, 0x0000000081600000| Complete 
|  23|0x0000000081700000, 0x0000000081800000, 0x0000000081800000|100%|HC|  |TAMS 0x0000000081800000, 0x0000000081700000| Complete 
|  24|0x0000000081800000, 0x0000000081900000, 0x0000000081900000|100%| O|  |TAMS 0x0000000081900000, 0x0000000081800000| Untracked 
|  25|0x0000000081900000, 0x0000000081a00000, 0x0000000081a00000|100%| O|  |TAMS 0x0000000081a00000, 0x0000000081900000| Untracked 
|  26|0x0000000081a00000, 0x0000000081b00000, 0x0000000081b00000|100%| O|  |TAMS 0x0000000081b00000, 0x0000000081a00000| Untracked 
|  27|0x0000000081b00000, 0x0000000081c00000, 0x0000000081c00000|100%| O|  |TAMS 0x0000000081c00000, 0x0000000081b00000| Untracked 
|  28|0x0000000081c00000, 0x0000000081d00000, 0x0000000081d00000|100%| O|  |TAMS 0x0000000081d00000, 0x0000000081c00000| Untracked 
|  29|0x0000000081d00000, 0x0000000081e00000, 0x0000000081e00000|100%| O|  |TAMS 0x0000000081e00000, 0x0000000081d00000| Untracked 
|  30|0x0000000081e00000, 0x0000000081f00000, 0x0000000081f00000|100%| O|  |TAMS 0x0000000081f00000, 0x0000000081e00000| Untracked 
|  31|0x0000000081f00000, 0x0000000082000000, 0x0000000082000000|100%| O|  |TAMS 0x0000000082000000, 0x0000000081f00000| Untracked 
|  32|0x0000000082000000, 0x0000000082100000, 0x0000000082100000|100%| O|  |TAMS 0x0000000082100000, 0x0000000082000000| Untracked 
|  33|0x0000000082100000, 0x0000000082200000, 0x0000000082200000|100%| O|  |TAMS 0x0000000082200000, 0x0000000082100000| Untracked 
|  34|0x0000000082200000, 0x0000000082300000, 0x0000000082300000|100%| O|  |TAMS 0x0000000082300000, 0x0000000082200000| Untracked 
|  35|0x0000000082300000, 0x0000000082400000, 0x0000000082400000|100%| O|  |TAMS 0x0000000082400000, 0x0000000082300000| Untracked 
|  36|0x0000000082400000, 0x0000000082500000, 0x0000000082500000|100%| O|  |TAMS 0x0000000082500000, 0x0000000082400000| Untracked 
|  37|0x0000000082500000, 0x0000000082600000, 0x0000000082600000|100%| O|  |TAMS 0x0000000082600000, 0x0000000082500000| Untracked 
|  38|0x0000000082600000, 0x0000000082700000, 0x0000000082700000|100%| O|  |TAMS 0x0000000082700000, 0x0000000082600000| Untracked 
|  39|0x0000000082700000, 0x0000000082800000, 0x0000000082800000|100%| O|  |TAMS 0x0000000082800000, 0x0000000082700000| Untracked 
|  40|0x0000000082800000, 0x0000000082900000, 0x0000000082900000|100%| O|  |TAMS 0x0000000082900000, 0x0000000082800000| Untracked 
|  41|0x0000000082900000, 0x0000000082a00000, 0x0000000082a00000|100%| O|  |TAMS 0x0000000082a00000, 0x0000000082900000| Untracked 
|  42|0x0000000082a00000, 0x0000000082b00000, 0x0000000082b00000|100%| O|  |TAMS 0x0000000082b00000, 0x0000000082a00000| Untracked 
|  43|0x0000000082b00000, 0x0000000082c00000, 0x0000000082c00000|100%| O|  |TAMS 0x0000000082c00000, 0x0000000082b00000| Untracked 
|  44|0x0000000082c00000, 0x0000000082d00000, 0x0000000082d00000|100%| O|  |TAMS 0x0000000082d00000, 0x0000000082c00000| Untracked 
|  45|0x0000000082d00000, 0x0000000082e00000, 0x0000000082e00000|100%| O|  |TAMS 0x0000000082e00000, 0x0000000082d00000| Untracked 
|  46|0x0000000082e00000, 0x0000000082f00000, 0x0000000082f00000|100%| O|  |TAMS 0x0000000082f00000, 0x0000000082e00000| Untracked 
|  47|0x0000000082f00000, 0x0000000083000000, 0x0000000083000000|100%| O|  |TAMS 0x0000000083000000, 0x0000000082f00000| Untracked 
|  48|0x0000000083000000, 0x0000000083100000, 0x0000000083100000|100%| O|  |TAMS 0x0000000083100000, 0x0000000083000000| Untracked 
|  49|0x0000000083100000, 0x0000000083200000, 0x0000000083200000|100%| O|  |TAMS 0x0000000083200000, 0x0000000083100000| Untracked 
|  50|0x0000000083200000, 0x0000000083300000, 0x0000000083300000|100%| O|  |TAMS 0x0000000083300000, 0x0000000083200000| Untracked 
|  51|0x0000000083300000, 0x0000000083400000, 0x0000000083400000|100%| O|  |TAMS 0x0000000083400000, 0x0000000083300000| Untracked 
|  52|0x0000000083400000, 0x0000000083500000, 0x0000000083500000|100%| O|  |TAMS 0x0000000083500000, 0x0000000083400000| Untracked 
|  53|0x0000000083500000, 0x0000000083600000, 0x0000000083600000|100%| O|  |TAMS 0x0000000083600000, 0x0000000083500000| Untracked 
|  54|0x0000000083600000, 0x0000000083700000, 0x0000000083700000|100%| O|  |TAMS 0x0000000083700000, 0x0000000083600000| Untracked 
|  55|0x0000000083700000, 0x0000000083800000, 0x0000000083800000|100%| O|  |TAMS 0x0000000083800000, 0x0000000083700000| Untracked 
|  56|0x0000000083800000, 0x0000000083900000, 0x0000000083900000|100%| O|  |TAMS 0x0000000083900000, 0x0000000083800000| Untracked 
|  57|0x0000000083900000, 0x0000000083a00000, 0x0000000083a00000|100%| O|  |TAMS 0x0000000083a00000, 0x0000000083900000| Untracked 
|  58|0x0000000083a00000, 0x0000000083b00000, 0x0000000083b00000|100%| O|  |TAMS 0x0000000083b00000, 0x0000000083a00000| Untracked 
|  59|0x0000000083b00000, 0x0000000083c00000, 0x0000000083c00000|100%| O|  |TAMS 0x0000000083c00000, 0x0000000083b00000| Untracked 
|  60|0x0000000083c00000, 0x0000000083d00000, 0x0000000083d00000|100%| O|  |TAMS 0x0000000083d00000, 0x0000000083c00000| Untracked 
|  61|0x0000000083d00000, 0x0000000083e00000, 0x0000000083e00000|100%| O|  |TAMS 0x0000000083e00000, 0x0000000083d00000| Untracked 
|  62|0x0000000083e00000, 0x0000000083f00000, 0x0000000083f00000|100%| O|  |TAMS 0x0000000083f00000, 0x0000000083e00000| Untracked 
|  63|0x0000000083f00000, 0x0000000084000000, 0x0000000084000000|100%| O|  |TAMS 0x0000000084000000, 0x0000000083f00000| Untracked 
|  64|0x0000000084000000, 0x0000000084100000, 0x0000000084100000|100%| O|  |TAMS 0x0000000084100000, 0x0000000084000000| Untracked 
|  65|0x0000000084100000, 0x0000000084200000, 0x0000000084200000|100%| O|  |TAMS 0x0000000084200000, 0x0000000084100000| Untracked 
|  66|0x0000000084200000, 0x0000000084300000, 0x0000000084300000|100%| O|  |TAMS 0x0000000084300000, 0x0000000084200000| Untracked 
|  67|0x0000000084300000, 0x0000000084400000, 0x0000000084400000|100%| O|  |TAMS 0x0000000084400000, 0x0000000084300000| Untracked 
|  68|0x0000000084400000, 0x0000000084500000, 0x0000000084500000|100%| O|  |TAMS 0x0000000084500000, 0x0000000084400000| Untracked 
|  69|0x0000000084500000, 0x0000000084500000, 0x0000000084600000|  0%| F|  |TAMS 0x0000000084500000, 0x0000000084500000| Untracked 
|  70|0x0000000084600000, 0x0000000084600000, 0x0000000084700000|  0%| F|  |TAMS 0x0000000084600000, 0x0000000084600000| Untracked 
|  71|0x0000000084700000, 0x0000000084800000, 0x0000000084800000|100%| O|  |TAMS 0x0000000084800000, 0x0000000084700000| Untracked 
|  72|0x0000000084800000, 0x0000000084900000, 0x0000000084900000|100%| O|  |TAMS 0x0000000084900000, 0x0000000084800000| Untracked 
|  73|0x0000000084900000, 0x0000000084a00000, 0x0000000084a00000|100%| O|  |TAMS 0x0000000084a00000, 0x0000000084900000| Untracked 
|  74|0x0000000084a00000, 0x0000000084b00000, 0x0000000084b00000|100%| O|  |TAMS 0x0000000084b00000, 0x0000000084a00000| Untracked 
|  75|0x0000000084b00000, 0x0000000084c00000, 0x0000000084c00000|100%| O|  |TAMS 0x0000000084c00000, 0x0000000084b00000| Untracked 
|  76|0x0000000084c00000, 0x0000000084d00000, 0x0000000084d00000|100%| O|  |TAMS 0x0000000084d00000, 0x0000000084c00000| Untracked 
|  77|0x0000000084d00000, 0x0000000084e00000, 0x0000000084e00000|100%| O|  |TAMS 0x0000000084e00000, 0x0000000084d00000| Untracked 
|  78|0x0000000084e00000, 0x0000000084f00000, 0x0000000084f00000|100%| O|  |TAMS 0x0000000084f00000, 0x0000000084e00000| Untracked 
|  79|0x0000000084f00000, 0x0000000085000000, 0x0000000085000000|100%| O|  |TAMS 0x0000000085000000, 0x0000000084f00000| Untracked 
|  80|0x0000000085000000, 0x0000000085100000, 0x0000000085100000|100%| O|  |TAMS 0x0000000085100000, 0x0000000085000000| Untracked 
|  81|0x0000000085100000, 0x0000000085200000, 0x0000000085200000|100%| O|  |TAMS 0x0000000085200000, 0x0000000085100000| Untracked 
|  82|0x0000000085200000, 0x0000000085300000, 0x0000000085300000|100%| O|  |TAMS 0x0000000085300000, 0x0000000085200000| Untracked 
|  83|0x0000000085300000, 0x0000000085400000, 0x0000000085400000|100%| O|  |TAMS 0x0000000085400000, 0x0000000085300000| Untracked 
|  84|0x0000000085400000, 0x0000000085500000, 0x0000000085500000|100%| O|  |TAMS 0x0000000085500000, 0x0000000085400000| Untracked 
|  85|0x0000000085500000, 0x0000000085600000, 0x0000000085600000|100%| O|  |TAMS 0x0000000085600000, 0x0000000085500000| Untracked 
|  86|0x0000000085600000, 0x0000000085700000, 0x0000000085700000|100%| O|  |TAMS 0x0000000085700000, 0x0000000085600000| Untracked 
|  87|0x0000000085700000, 0x0000000085754000, 0x0000000085800000| 32%| O|  |TAMS 0x0000000085754000, 0x0000000085700000| Untracked 
|  88|0x0000000085800000, 0x0000000085800000, 0x0000000085900000|  0%| F|  |TAMS 0x0000000085800000, 0x0000000085800000| Untracked 
|  89|0x0000000085900000, 0x0000000085900000, 0x0000000085a00000|  0%| F|  |TAMS 0x0000000085900000, 0x0000000085900000| Untracked 
|  90|0x0000000085a00000, 0x0000000085a00000, 0x0000000085b00000|  0%| F|  |TAMS 0x0000000085a00000, 0x0000000085a00000| Untracked 
|  91|0x0000000085b00000, 0x0000000085b00000, 0x0000000085c00000|  0%| F|  |TAMS 0x0000000085b00000, 0x0000000085b00000| Untracked 
|  92|0x0000000085c00000, 0x0000000085c00000, 0x0000000085d00000|  0%| F|  |TAMS 0x0000000085c00000, 0x0000000085c00000| Untracked 
|  93|0x0000000085d00000, 0x0000000085d00000, 0x0000000085e00000|  0%| F|  |TAMS 0x0000000085d00000, 0x0000000085d00000| Untracked 
|  94|0x0000000085e00000, 0x0000000085e00000, 0x0000000085f00000|  0%| F|  |TAMS 0x0000000085e00000, 0x0000000085e00000| Untracked 
|  95|0x0000000085f00000, 0x0000000085f00000, 0x0000000086000000|  0%| F|  |TAMS 0x0000000085f00000, 0x0000000085f00000| Untracked 
|  96|0x0000000086000000, 0x0000000086000000, 0x0000000086100000|  0%| F|  |TAMS 0x0000000086000000, 0x0000000086000000| Untracked 
|  97|0x0000000086100000, 0x0000000086100000, 0x0000000086200000|  0%| F|  |TAMS 0x0000000086100000, 0x0000000086100000| Untracked 
|  98|0x0000000086200000, 0x0000000086200000, 0x0000000086300000|  0%| F|  |TAMS 0x0000000086200000, 0x0000000086200000| Untracked 
|  99|0x0000000086300000, 0x0000000086300000, 0x0000000086400000|  0%| F|  |TAMS 0x0000000086300000, 0x0000000086300000| Untracked 
| 100|0x0000000086400000, 0x0000000086400000, 0x0000000086500000|  0%| F|  |TAMS 0x0000000086400000, 0x0000000086400000| Untracked 
| 101|0x0000000086500000, 0x0000000086500000, 0x0000000086600000|  0%| F|  |TAMS 0x0000000086500000, 0x0000000086500000| Untracked 
| 102|0x0000000086600000, 0x0000000086600000, 0x0000000086700000|  0%| F|  |TAMS 0x0000000086600000, 0x0000000086600000| Untracked 
| 103|0x0000000086700000, 0x0000000086700000, 0x0000000086800000|  0%| F|  |TAMS 0x0000000086700000, 0x0000000086700000| Untracked 
| 104|0x0000000086800000, 0x0000000086800000, 0x0000000086900000|  0%| F|  |TAMS 0x0000000086800000, 0x0000000086800000| Untracked 
| 105|0x0000000086900000, 0x0000000086900000, 0x0000000086a00000|  0%| F|  |TAMS 0x0000000086900000, 0x0000000086900000| Untracked 
| 106|0x0000000086a00000, 0x0000000086a00000, 0x0000000086b00000|  0%| F|  |TAMS 0x0000000086a00000, 0x0000000086a00000| Untracked 
| 107|0x0000000086b00000, 0x0000000086b00000, 0x0000000086c00000|  0%| F|  |TAMS 0x0000000086b00000, 0x0000000086b00000| Untracked 
| 108|0x0000000086c00000, 0x0000000086c00000, 0x0000000086d00000|  0%| F|  |TAMS 0x0000000086c00000, 0x0000000086c00000| Untracked 
| 109|0x0000000086d00000, 0x0000000086d00000, 0x0000000086e00000|  0%| F|  |TAMS 0x0000000086d00000, 0x0000000086d00000| Untracked 
| 110|0x0000000086e00000, 0x0000000086e00000, 0x0000000086f00000|  0%| F|  |TAMS 0x0000000086e00000, 0x0000000086e00000| Untracked 
| 111|0x0000000086f00000, 0x0000000086f00000, 0x0000000087000000|  0%| F|  |TAMS 0x0000000086f00000, 0x0000000086f00000| Untracked 
| 112|0x0000000087000000, 0x0000000087000000, 0x0000000087100000|  0%| F|  |TAMS 0x0000000087000000, 0x0000000087000000| Untracked 
| 113|0x0000000087100000, 0x0000000087100000, 0x0000000087200000|  0%| F|  |TAMS 0x0000000087100000, 0x0000000087100000| Untracked 
| 114|0x0000000087200000, 0x0000000087200000, 0x0000000087300000|  0%| F|  |TAMS 0x0000000087200000, 0x0000000087200000| Untracked 
| 115|0x0000000087300000, 0x0000000087300000, 0x0000000087400000|  0%| F|  |TAMS 0x0000000087300000, 0x0000000087300000| Untracked 
| 116|0x0000000087400000, 0x0000000087400000, 0x0000000087500000|  0%| F|  |TAMS 0x0000000087400000, 0x0000000087400000| Untracked 
| 117|0x0000000087500000, 0x0000000087500000, 0x0000000087600000|  0%| F|  |TAMS 0x0000000087500000, 0x0000000087500000| Untracked 
| 118|0x0000000087600000, 0x0000000087600000, 0x0000000087700000|  0%| F|  |TAMS 0x0000000087600000, 0x0000000087600000| Untracked 
| 119|0x0000000087700000, 0x0000000087700000, 0x0000000087800000|  0%| F|  |TAMS 0x0000000087700000, 0x0000000087700000| Untracked 
| 120|0x0000000087800000, 0x0000000087800000, 0x0000000087900000|  0%| F|  |TAMS 0x0000000087800000, 0x0000000087800000| Untracked 
| 121|0x0000000087900000, 0x0000000087900000, 0x0000000087a00000|  0%| F|  |TAMS 0x0000000087900000, 0x0000000087900000| Untracked 
| 122|0x0000000087a00000, 0x0000000087a00000, 0x0000000087b00000|  0%| F|  |TAMS 0x0000000087a00000, 0x0000000087a00000| Untracked 
| 123|0x0000000087b00000, 0x0000000087b00000, 0x0000000087c00000|  0%| F|  |TAMS 0x0000000087b00000, 0x0000000087b00000| Untracked 
| 124|0x0000000087c00000, 0x0000000087c00000, 0x0000000087d00000|  0%| F|  |TAMS 0x0000000087c00000, 0x0000000087c00000| Untracked 
| 125|0x0000000087d00000, 0x0000000087d00000, 0x0000000087e00000|  0%| F|  |TAMS 0x0000000087d00000, 0x0000000087d00000| Untracked 
| 126|0x0000000087e00000, 0x0000000087e00000, 0x0000000087f00000|  0%| F|  |TAMS 0x0000000087e00000, 0x0000000087e00000| Untracked 
| 127|0x0000000087f00000, 0x0000000087f00000, 0x0000000088000000|  0%| F|  |TAMS 0x0000000087f00000, 0x0000000087f00000| Untracked 
| 128|0x0000000088000000, 0x0000000088000000, 0x0000000088100000|  0%| F|  |TAMS 0x0000000088000000, 0x0000000088000000| Untracked 
| 129|0x0000000088100000, 0x0000000088100000, 0x0000000088200000|  0%| F|  |TAMS 0x0000000088100000, 0x0000000088100000| Untracked 
| 130|0x0000000088200000, 0x0000000088200000, 0x0000000088300000|  0%| F|  |TAMS 0x0000000088200000, 0x0000000088200000| Untracked 
| 131|0x0000000088300000, 0x0000000088300000, 0x0000000088400000|  0%| F|  |TAMS 0x0000000088300000, 0x0000000088300000| Untracked 
| 132|0x0000000088400000, 0x0000000088400000, 0x0000000088500000|  0%| F|  |TAMS 0x0000000088400000, 0x0000000088400000| Untracked 
| 133|0x0000000088500000, 0x0000000088500000, 0x0000000088600000|  0%| F|  |TAMS 0x0000000088500000, 0x0000000088500000| Untracked 
| 134|0x0000000088600000, 0x0000000088600000, 0x0000000088700000|  0%| F|  |TAMS 0x0000000088600000, 0x0000000088600000| Untracked 
| 135|0x0000000088700000, 0x0000000088700000, 0x0000000088800000|  0%| F|  |TAMS 0x0000000088700000, 0x0000000088700000| Untracked 
| 136|0x0000000088800000, 0x0000000088800000, 0x0000000088900000|  0%| F|  |TAMS 0x0000000088800000, 0x0000000088800000| Untracked 
| 137|0x0000000088900000, 0x0000000088900000, 0x0000000088a00000|  0%| F|  |TAMS 0x0000000088900000, 0x0000000088900000| Untracked 
| 138|0x0000000088a00000, 0x0000000088a00000, 0x0000000088b00000|  0%| F|  |TAMS 0x0000000088a00000, 0x0000000088a00000| Untracked 
| 139|0x0000000088b00000, 0x0000000088b00000, 0x0000000088c00000|  0%| F|  |TAMS 0x0000000088b00000, 0x0000000088b00000| Untracked 
| 140|0x0000000088c00000, 0x0000000088c00000, 0x0000000088d00000|  0%| F|  |TAMS 0x0000000088c00000, 0x0000000088c00000| Untracked 
| 141|0x0000000088d00000, 0x0000000088d00000, 0x0000000088e00000|  0%| F|  |TAMS 0x0000000088d00000, 0x0000000088d00000| Untracked 
| 142|0x0000000088e00000, 0x0000000088e00000, 0x0000000088f00000|  0%| F|  |TAMS 0x0000000088e00000, 0x0000000088e00000| Untracked 
| 143|0x0000000088f00000, 0x0000000088f00000, 0x0000000089000000|  0%| F|  |TAMS 0x0000000088f00000, 0x0000000088f00000| Untracked 
| 144|0x0000000089000000, 0x0000000089000000, 0x0000000089100000|  0%| F|  |TAMS 0x0000000089000000, 0x0000000089000000| Untracked 
| 145|0x0000000089100000, 0x0000000089100000, 0x0000000089200000|  0%| F|  |TAMS 0x0000000089100000, 0x0000000089100000| Untracked 
| 146|0x0000000089200000, 0x0000000089200000, 0x0000000089300000|  0%| F|  |TAMS 0x0000000089200000, 0x0000000089200000| Untracked 
| 147|0x0000000089300000, 0x0000000089300000, 0x0000000089400000|  0%| F|  |TAMS 0x0000000089300000, 0x0000000089300000| Untracked 
| 148|0x0000000089400000, 0x0000000089400000, 0x0000000089500000|  0%| F|  |TAMS 0x0000000089400000, 0x0000000089400000| Untracked 
| 149|0x0000000089500000, 0x0000000089500000, 0x0000000089600000|  0%| F|  |TAMS 0x0000000089500000, 0x0000000089500000| Untracked 
| 150|0x0000000089600000, 0x0000000089600000, 0x0000000089700000|  0%| F|  |TAMS 0x0000000089600000, 0x0000000089600000| Untracked 
| 151|0x0000000089700000, 0x0000000089700000, 0x0000000089800000|  0%| F|  |TAMS 0x0000000089700000, 0x0000000089700000| Untracked 
| 152|0x0000000089800000, 0x0000000089815ff0, 0x0000000089900000|  8%| S|CS|TAMS 0x0000000089800000, 0x0000000089800000| Complete 
| 153|0x0000000089900000, 0x0000000089a00000, 0x0000000089a00000|100%| S|CS|TAMS 0x0000000089900000, 0x0000000089900000| Complete 
| 154|0x0000000089a00000, 0x0000000089b00000, 0x0000000089b00000|100%| S|CS|TAMS 0x0000000089a00000, 0x0000000089a00000| Complete 
| 155|0x0000000089b00000, 0x0000000089c00000, 0x0000000089c00000|100%| S|CS|TAMS 0x0000000089b00000, 0x0000000089b00000| Complete 
| 156|0x0000000089c00000, 0x0000000089d00000, 0x0000000089d00000|100%| S|CS|TAMS 0x0000000089c00000, 0x0000000089c00000| Complete 
| 157|0x0000000089d00000, 0x0000000089d00000, 0x0000000089e00000|  0%| F|  |TAMS 0x0000000089d00000, 0x0000000089d00000| Untracked 
| 158|0x0000000089e00000, 0x0000000089e00000, 0x0000000089f00000|  0%| F|  |TAMS 0x0000000089e00000, 0x0000000089e00000| Untracked 
| 159|0x0000000089f00000, 0x0000000089f00000, 0x000000008a000000|  0%| F|  |TAMS 0x0000000089f00000, 0x0000000089f00000| Untracked 
| 160|0x000000008a000000, 0x000000008a000000, 0x000000008a100000|  0%| F|  |TAMS 0x000000008a000000, 0x000000008a000000| Untracked 
| 161|0x000000008a100000, 0x000000008a100000, 0x000000008a200000|  0%| F|  |TAMS 0x000000008a100000, 0x000000008a100000| Untracked 
| 162|0x000000008a200000, 0x000000008a200000, 0x000000008a300000|  0%| F|  |TAMS 0x000000008a200000, 0x000000008a200000| Untracked 
| 163|0x000000008a300000, 0x000000008a300000, 0x000000008a400000|  0%| F|  |TAMS 0x000000008a300000, 0x000000008a300000| Untracked 
| 164|0x000000008a400000, 0x000000008a400000, 0x000000008a500000|  0%| F|  |TAMS 0x000000008a400000, 0x000000008a400000| Untracked 
| 165|0x000000008a500000, 0x000000008a500000, 0x000000008a600000|  0%| F|  |TAMS 0x000000008a500000, 0x000000008a500000| Untracked 
| 166|0x000000008a600000, 0x000000008a600000, 0x000000008a700000|  0%| F|  |TAMS 0x000000008a600000, 0x000000008a600000| Untracked 
| 167|0x000000008a700000, 0x000000008a700000, 0x000000008a800000|  0%| F|  |TAMS 0x000000008a700000, 0x000000008a700000| Untracked 
| 168|0x000000008a800000, 0x000000008a800000, 0x000000008a900000|  0%| F|  |TAMS 0x000000008a800000, 0x000000008a800000| Untracked 
| 169|0x000000008a900000, 0x000000008a900000, 0x000000008aa00000|  0%| F|  |TAMS 0x000000008a900000, 0x000000008a900000| Untracked 
| 170|0x000000008aa00000, 0x000000008aa00000, 0x000000008ab00000|  0%| F|  |TAMS 0x000000008aa00000, 0x000000008aa00000| Untracked 
| 171|0x000000008ab00000, 0x000000008ab00000, 0x000000008ac00000|  0%| F|  |TAMS 0x000000008ab00000, 0x000000008ab00000| Untracked 
| 172|0x000000008ac00000, 0x000000008ac00000, 0x000000008ad00000|  0%| F|  |TAMS 0x000000008ac00000, 0x000000008ac00000| Untracked 
| 173|0x000000008ad00000, 0x000000008ad00000, 0x000000008ae00000|  0%| F|  |TAMS 0x000000008ad00000, 0x000000008ad00000| Untracked 
| 174|0x000000008ae00000, 0x000000008ae00000, 0x000000008af00000|  0%| F|  |TAMS 0x000000008ae00000, 0x000000008ae00000| Untracked 
| 175|0x000000008af00000, 0x000000008af00000, 0x000000008b000000|  0%| F|  |TAMS 0x000000008af00000, 0x000000008af00000| Untracked 
| 176|0x000000008b000000, 0x000000008b000000, 0x000000008b100000|  0%| F|  |TAMS 0x000000008b000000, 0x000000008b000000| Untracked 
| 177|0x000000008b100000, 0x000000008b100000, 0x000000008b200000|  0%| F|  |TAMS 0x000000008b100000, 0x000000008b100000| Untracked 
| 178|0x000000008b200000, 0x000000008b200000, 0x000000008b300000|  0%| F|  |TAMS 0x000000008b200000, 0x000000008b200000| Untracked 
| 179|0x000000008b300000, 0x000000008b300000, 0x000000008b400000|  0%| F|  |TAMS 0x000000008b300000, 0x000000008b300000| Untracked 
| 180|0x000000008b400000, 0x000000008b400000, 0x000000008b500000|  0%| F|  |TAMS 0x000000008b400000, 0x000000008b400000| Untracked 
| 181|0x000000008b500000, 0x000000008b500000, 0x000000008b600000|  0%| F|  |TAMS 0x000000008b500000, 0x000000008b500000| Untracked 
| 182|0x000000008b600000, 0x000000008b600000, 0x000000008b700000|  0%| F|  |TAMS 0x000000008b600000, 0x000000008b600000| Untracked 
| 183|0x000000008b700000, 0x000000008b700000, 0x000000008b800000|  0%| F|  |TAMS 0x000000008b700000, 0x000000008b700000| Untracked 
| 184|0x000000008b800000, 0x000000008b800000, 0x000000008b900000|  0%| F|  |TAMS 0x000000008b800000, 0x000000008b800000| Untracked 
| 185|0x000000008b900000, 0x000000008b900000, 0x000000008ba00000|  0%| F|  |TAMS 0x000000008b900000, 0x000000008b900000| Untracked 
| 186|0x000000008ba00000, 0x000000008ba00000, 0x000000008bb00000|  0%| F|  |TAMS 0x000000008ba00000, 0x000000008ba00000| Untracked 
| 187|0x000000008bb00000, 0x000000008bb00000, 0x000000008bc00000|  0%| F|  |TAMS 0x000000008bb00000, 0x000000008bb00000| Untracked 
| 188|0x000000008bc00000, 0x000000008bc00000, 0x000000008bd00000|  0%| F|  |TAMS 0x000000008bc00000, 0x000000008bc00000| Untracked 
| 189|0x000000008bd00000, 0x000000008bd00000, 0x000000008be00000|  0%| F|  |TAMS 0x000000008bd00000, 0x000000008bd00000| Untracked 
| 190|0x000000008be00000, 0x000000008be00000, 0x000000008bf00000|  0%| F|  |TAMS 0x000000008be00000, 0x000000008be00000| Untracked 
| 191|0x000000008bf00000, 0x000000008bf00000, 0x000000008c000000|  0%| F|  |TAMS 0x000000008bf00000, 0x000000008bf00000| Untracked 
| 192|0x000000008c000000, 0x000000008c000000, 0x000000008c100000|  0%| F|  |TAMS 0x000000008c000000, 0x000000008c000000| Untracked 
| 193|0x000000008c100000, 0x000000008c100000, 0x000000008c200000|  0%| F|  |TAMS 0x000000008c100000, 0x000000008c100000| Untracked 
| 194|0x000000008c200000, 0x000000008c200000, 0x000000008c300000|  0%| F|  |TAMS 0x000000008c200000, 0x000000008c200000| Untracked 
| 195|0x000000008c300000, 0x000000008c300000, 0x000000008c400000|  0%| F|  |TAMS 0x000000008c300000, 0x000000008c300000| Untracked 
| 196|0x000000008c400000, 0x000000008c400000, 0x000000008c500000|  0%| F|  |TAMS 0x000000008c400000, 0x000000008c400000| Untracked 
| 197|0x000000008c500000, 0x000000008c500000, 0x000000008c600000|  0%| F|  |TAMS 0x000000008c500000, 0x000000008c500000| Untracked 
| 198|0x000000008c600000, 0x000000008c600000, 0x000000008c700000|  0%| F|  |TAMS 0x000000008c600000, 0x000000008c600000| Untracked 
| 199|0x000000008c700000, 0x000000008c700000, 0x000000008c800000|  0%| F|  |TAMS 0x000000008c700000, 0x000000008c700000| Untracked 
| 200|0x000000008c800000, 0x000000008c800000, 0x000000008c900000|  0%| F|  |TAMS 0x000000008c800000, 0x000000008c800000| Untracked 
| 201|0x000000008c900000, 0x000000008c900000, 0x000000008ca00000|  0%| F|  |TAMS 0x000000008c900000, 0x000000008c900000| Untracked 
| 202|0x000000008ca00000, 0x000000008ca00000, 0x000000008cb00000|  0%| F|  |TAMS 0x000000008ca00000, 0x000000008ca00000| Untracked 
| 203|0x000000008cb00000, 0x000000008cb00000, 0x000000008cc00000|  0%| F|  |TAMS 0x000000008cb00000, 0x000000008cb00000| Untracked 
| 204|0x000000008cc00000, 0x000000008cc00000, 0x000000008cd00000|  0%| F|  |TAMS 0x000000008cc00000, 0x000000008cc00000| Untracked 
| 205|0x000000008cd00000, 0x000000008cd00000, 0x000000008ce00000|  0%| F|  |TAMS 0x000000008cd00000, 0x000000008cd00000| Untracked 
| 206|0x000000008ce00000, 0x000000008ce00000, 0x000000008cf00000|  0%| F|  |TAMS 0x000000008ce00000, 0x000000008ce00000| Untracked 
| 207|0x000000008cf00000, 0x000000008cf00000, 0x000000008d000000|  0%| F|  |TAMS 0x000000008cf00000, 0x000000008cf00000| Untracked 
| 208|0x000000008d000000, 0x000000008d000000, 0x000000008d100000|  0%| F|  |TAMS 0x000000008d000000, 0x000000008d000000| Untracked 
| 209|0x000000008d100000, 0x000000008d100000, 0x000000008d200000|  0%| F|  |TAMS 0x000000008d100000, 0x000000008d100000| Untracked 
| 210|0x000000008d200000, 0x000000008d200000, 0x000000008d300000|  0%| F|  |TAMS 0x000000008d200000, 0x000000008d200000| Untracked 
| 211|0x000000008d300000, 0x000000008d300000, 0x000000008d400000|  0%| F|  |TAMS 0x000000008d300000, 0x000000008d300000| Untracked 
| 212|0x000000008d400000, 0x000000008d400000, 0x000000008d500000|  0%| F|  |TAMS 0x000000008d400000, 0x000000008d400000| Untracked 
| 213|0x000000008d500000, 0x000000008d500000, 0x000000008d600000|  0%| F|  |TAMS 0x000000008d500000, 0x000000008d500000| Untracked 
| 214|0x000000008d600000, 0x000000008d600000, 0x000000008d700000|  0%| F|  |TAMS 0x000000008d600000, 0x000000008d600000| Untracked 
| 215|0x000000008d700000, 0x000000008d700000, 0x000000008d800000|  0%| F|  |TAMS 0x000000008d700000, 0x000000008d700000| Untracked 
| 216|0x000000008d800000, 0x000000008d800000, 0x000000008d900000|  0%| F|  |TAMS 0x000000008d800000, 0x000000008d800000| Untracked 
| 217|0x000000008d900000, 0x000000008d900000, 0x000000008da00000|  0%| F|  |TAMS 0x000000008d900000, 0x000000008d900000| Untracked 
| 218|0x000000008da00000, 0x000000008da00000, 0x000000008db00000|  0%| F|  |TAMS 0x000000008da00000, 0x000000008da00000| Untracked 
| 219|0x000000008db00000, 0x000000008db00000, 0x000000008dc00000|  0%| F|  |TAMS 0x000000008db00000, 0x000000008db00000| Untracked 
| 220|0x000000008dc00000, 0x000000008dc00000, 0x000000008dd00000|  0%| F|  |TAMS 0x000000008dc00000, 0x000000008dc00000| Untracked 
| 221|0x000000008dd00000, 0x000000008dd00000, 0x000000008de00000|  0%| F|  |TAMS 0x000000008dd00000, 0x000000008dd00000| Untracked 
| 222|0x000000008de00000, 0x000000008de00000, 0x000000008df00000|  0%| F|  |TAMS 0x000000008de00000, 0x000000008de00000| Untracked 
| 223|0x000000008df00000, 0x000000008e000000, 0x000000008e000000|100%| E|  |TAMS 0x000000008df00000, 0x000000008df00000| Complete 
| 224|0x000000008e000000, 0x000000008e100000, 0x000000008e100000|100%| E|CS|TAMS 0x000000008e000000, 0x000000008e000000| Complete 
| 225|0x000000008e100000, 0x000000008e200000, 0x000000008e200000|100%| E|CS|TAMS 0x000000008e100000, 0x000000008e100000| Complete 
| 226|0x000000008e200000, 0x000000008e300000, 0x000000008e300000|100%| E|CS|TAMS 0x000000008e200000, 0x000000008e200000| Complete 
| 227|0x000000008e300000, 0x000000008e400000, 0x000000008e400000|100%| E|CS|TAMS 0x000000008e300000, 0x000000008e300000| Complete 
| 228|0x000000008e400000, 0x000000008e500000, 0x000000008e500000|100%| E|CS|TAMS 0x000000008e400000, 0x000000008e400000| Complete 
| 229|0x000000008e500000, 0x000000008e600000, 0x000000008e600000|100%| E|CS|TAMS 0x000000008e500000, 0x000000008e500000| Complete 
| 230|0x000000008e600000, 0x000000008e700000, 0x000000008e700000|100%| E|CS|TAMS 0x000000008e600000, 0x000000008e600000| Complete 
| 231|0x000000008e700000, 0x000000008e800000, 0x000000008e800000|100%| E|CS|TAMS 0x000000008e700000, 0x000000008e700000| Complete 
| 232|0x000000008e800000, 0x000000008e900000, 0x000000008e900000|100%| E|CS|TAMS 0x000000008e800000, 0x000000008e800000| Complete 
| 233|0x000000008e900000, 0x000000008ea00000, 0x000000008ea00000|100%| E|CS|TAMS 0x000000008e900000, 0x000000008e900000| Complete 
| 234|0x000000008ea00000, 0x000000008eb00000, 0x000000008eb00000|100%| E|CS|TAMS 0x000000008ea00000, 0x000000008ea00000| Complete 
| 235|0x000000008eb00000, 0x000000008ec00000, 0x000000008ec00000|100%| E|CS|TAMS 0x000000008eb00000, 0x000000008eb00000| Complete 
| 236|0x000000008ec00000, 0x000000008ed00000, 0x000000008ed00000|100%| E|CS|TAMS 0x000000008ec00000, 0x000000008ec00000| Complete 
| 237|0x000000008ed00000, 0x000000008ee00000, 0x000000008ee00000|100%| E|CS|TAMS 0x000000008ed00000, 0x000000008ed00000| Complete 
| 238|0x000000008ee00000, 0x000000008ef00000, 0x000000008ef00000|100%| E|CS|TAMS 0x000000008ee00000, 0x000000008ee00000| Complete 
| 239|0x000000008ef00000, 0x000000008f000000, 0x000000008f000000|100%| E|  |TAMS 0x000000008ef00000, 0x000000008ef00000| Complete 
| 240|0x000000008f000000, 0x000000008f100000, 0x000000008f100000|100%| E|CS|TAMS 0x000000008f000000, 0x000000008f000000| Complete 
| 241|0x000000008f100000, 0x000000008f200000, 0x000000008f200000|100%| E|CS|TAMS 0x000000008f100000, 0x000000008f100000| Complete 
| 242|0x000000008f200000, 0x000000008f300000, 0x000000008f300000|100%| E|CS|TAMS 0x000000008f200000, 0x000000008f200000| Complete 
| 243|0x000000008f300000, 0x000000008f400000, 0x000000008f400000|100%| E|CS|TAMS 0x000000008f300000, 0x000000008f300000| Complete 
| 244|0x000000008f400000, 0x000000008f500000, 0x000000008f500000|100%| E|CS|TAMS 0x000000008f400000, 0x000000008f400000| Complete 
| 245|0x000000008f500000, 0x000000008f600000, 0x000000008f600000|100%| E|CS|TAMS 0x000000008f500000, 0x000000008f500000| Complete 
| 246|0x000000008f600000, 0x000000008f700000, 0x000000008f700000|100%| E|CS|TAMS 0x000000008f600000, 0x000000008f600000| Complete 
| 247|0x000000008f700000, 0x000000008f800000, 0x000000008f800000|100%| E|CS|TAMS 0x000000008f700000, 0x000000008f700000| Complete 
| 248|0x000000008f800000, 0x000000008f900000, 0x000000008f900000|100%| E|CS|TAMS 0x000000008f800000, 0x000000008f800000| Complete 
| 249|0x000000008f900000, 0x000000008fa00000, 0x000000008fa00000|100%| E|CS|TAMS 0x000000008f900000, 0x000000008f900000| Complete 
| 250|0x000000008fa00000, 0x000000008fb00000, 0x000000008fb00000|100%| E|CS|TAMS 0x000000008fa00000, 0x000000008fa00000| Complete 
| 251|0x000000008fb00000, 0x000000008fc00000, 0x000000008fc00000|100%| E|CS|TAMS 0x000000008fb00000, 0x000000008fb00000| Complete 
| 252|0x000000008fc00000, 0x000000008fd00000, 0x000000008fd00000|100%| E|CS|TAMS 0x000000008fc00000, 0x000000008fc00000| Complete 
| 253|0x000000008fd00000, 0x000000008fe00000, 0x000000008fe00000|100%| E|CS|TAMS 0x000000008fd00000, 0x000000008fd00000| Complete 
| 254|0x000000008fe00000, 0x000000008ff00000, 0x000000008ff00000|100%| E|CS|TAMS 0x000000008fe00000, 0x000000008fe00000| Complete 
| 255|0x000000008ff00000, 0x0000000090000000, 0x0000000090000000|100%| E|CS|TAMS 0x000000008ff00000, 0x000000008ff00000| Complete 

Card table byte_map: [0x0000026dd3210000,0x0000026dd3610000] _byte_map_base: 0x0000026dd2e10000

Marking Bits (Prev, Next): (CMBitMap*) 0x0000026dbe50f990, (CMBitMap*) 0x0000026dbe50f958
 Prev Bits: [0x0000026dd5a10000, 0x0000026dd7a10000)
 Next Bits: [0x0000026dd3a10000, 0x0000026dd5a10000)

Polling page: 0x0000026dbe330000

Metaspace:

Usage:
  Non-class:     83.95 MB capacity,    82.49 MB ( 98%) used,     1.18 MB (  1%) free+waste,   288.06 KB ( <1%) overhead. 
      Class:     12.89 MB capacity,    11.97 MB ( 93%) used,   821.89 KB (  6%) free+waste,   126.06 KB ( <1%) overhead. 
       Both:     96.84 MB capacity,    94.45 MB ( 98%) used,     1.98 MB (  2%) free+waste,   414.13 KB ( <1%) overhead. 

Virtual space:
  Non-class space:       84.00 MB reserved,      84.00 MB (100%) committed 
      Class space:        1.00 GB reserved,      13.00 MB (  1%) committed 
             Both:        1.08 GB reserved,      97.00 MB (  9%) committed 

Chunk freelists:
   Non-Class:  0 bytes
       Class:  0 bytes
        Both:  0 bytes

MaxMetaspaceSize: 17179869184.00 GB
CompressedClassSpaceSize: 1.00 GB

CodeHeap 'non-profiled nmethods': size=120064Kb used=9097Kb max_used=9097Kb free=110966Kb
 bounds [0x0000026dcb2b0000, 0x0000026dcbba0000, 0x0000026dd27f0000]
CodeHeap 'profiled nmethods': size=120000Kb used=32759Kb max_used=32759Kb free=87240Kb
 bounds [0x0000026dc3d80000, 0x0000026dc5d80000, 0x0000026dcb2b0000]
CodeHeap 'non-nmethods': size=5696Kb used=2312Kb max_used=2356Kb free=3383Kb
 bounds [0x0000026dc37f0000, 0x0000026dc3a60000, 0x0000026dc3d80000]
 total_blobs=15650 nmethods=14723 adapters=838
 compilation: enabled
              stopped_count=0, restarted_count=0
 full_count=0

Compilation events (20 events):
Event: 889.639 Thread 0x0000026dda8f6000 14715       3       org.gradle.api.internal.tasks.properties.GetInputFilesVisitor::visitInputFileProperty (69 bytes)
Event: 889.640 Thread 0x0000026dda8f6000 nmethod 14715 0x0000026dc5d61a10 code [0x0000026dc5d61ca0, 0x0000026dc5d62a28]
Event: 889.640 Thread 0x0000026dda8f6000 14716       3       org.gradle.api.internal.tasks.PropertyFileCollection::<init> (26 bytes)
Event: 889.640 Thread 0x0000026dda8f6000 nmethod 14716 0x0000026dc5d62f90 code [0x0000026dc5d63180, 0x0000026dc5d635d8]
Event: 889.640 Thread 0x0000026dda8f6000 14717       3       org.gradle.api.internal.tasks.properties.DefaultInputFilePropertySpec::<init> (32 bytes)
Event: 889.640 Thread 0x0000026dda8f6000 nmethod 14717 0x0000026dc5d63710 code [0x0000026dc5d638e0, 0x0000026dc5d63cf8]
Event: 889.640 Thread 0x0000026dda8f6000 14718       3       org.gradle.api.internal.tasks.properties.DefaultTaskProperties$ValidationVisitor::visitInputFileProperty (27 bytes)
Event: 889.640 Thread 0x0000026dda8f6000 nmethod 14718 0x0000026dc5d63e90 code [0x0000026dc5d64080, 0x0000026dc5d64588]
Event: 889.640 Thread 0x0000026dda8f6000 14719       3       org.gradle.api.internal.tasks.properties.DefaultFinalizingValidatingProperty::<init> (15 bytes)
Event: 889.640 Thread 0x0000026dda8f6000 nmethod 14719 0x0000026dc5d64790 code [0x0000026dc5d64960, 0x0000026dc5d64c98]
Event: 889.640 Thread 0x0000026dda8f6000 14720       1       org.gradle.internal.build.event.types.AbstractResult::getEndTime (5 bytes)
Event: 889.641 Thread 0x0000026dda8f6000 nmethod 14720 0x0000026dcbb90690 code [0x0000026dcbb90840, 0x0000026dcbb908f8]
Event: 889.641 Thread 0x0000026dda8f6000 14721       1       org.gradle.internal.build.event.types.AbstractProgressEvent::getEventTime (5 bytes)
Event: 889.641 Thread 0x0000026dda8f6000 nmethod 14721 0x0000026dcbb90990 code [0x0000026dcbb90b40, 0x0000026dcbb90bf8]
Event: 889.641 Thread 0x0000026dda8f6000 14722       1       org.gradle.internal.build.event.types.AbstractResult::getOutcomeDescription (5 bytes)
Event: 889.641 Thread 0x0000026dda8f6000 nmethod 14722 0x0000026dcbb90c90 code [0x0000026dcbb90e40, 0x0000026dcbb90ef8]
Event: 889.647 Thread 0x0000026dda8f6000 14723       3       org.gradle.internal.snapshot.impl.StringValueSnapshot::snapshot (7 bytes)
Event: 889.647 Thread 0x0000026dda8f6000 nmethod 14723 0x0000026dc5d64d90 code [0x0000026dc5d64fa0, 0x0000026dc5d65508]
Event: 889.648 Thread 0x0000026dda8f6000 14724       3       java.io.ObjectOutputStream::writeNull (10 bytes)
Event: 889.648 Thread 0x0000026dda8f6000 nmethod 14724 0x0000026dc5d65710 code [0x0000026dc5d658e0, 0x0000026dc5d65b08]

GC Heap History (20 events):
Event: 6.374 GC heap before
{Heap before GC invocations=9 (full 0):
 garbage-first heap   total 262144K, used 161258K [0x0000000080000000, 0x0000000100000000)
  region size 1024K, 139 young (142336K), 7 survivors (7168K)
 Metaspace       used 45586K, capacity 46624K, committed 46720K, reserved 1089536K
  class space    used 5861K, capacity 6269K, committed 6272K, reserved 1048576K
}
Event: 6.387 GC heap after
{Heap after GC invocations=10 (full 0):
 garbage-first heap   total 262144K, used 30879K [0x0000000080000000, 0x0000000100000000)
  region size 1024K, 15 young (15360K), 15 survivors (15360K)
 Metaspace       used 45586K, capacity 46624K, committed 46720K, reserved 1089536K
  class space    used 5861K, capacity 6269K, committed 6272K, reserved 1048576K
}
Event: 8.421 GC heap before
{Heap before GC invocations=10 (full 0):
 garbage-first heap   total 262144K, used 179359K [0x0000000080000000, 0x0000000100000000)
  region size 1024K, 153 young (156672K), 15 survivors (15360K)
 Metaspace       used 58240K, capacity 59799K, committed 60032K, reserved 1101824K
  class space    used 7411K, capacity 7998K, committed 8064K, reserved 1048576K
}
Event: 8.440 GC heap after
{Heap after GC invocations=11 (full 0):
 garbage-first heap   total 262144K, used 50483K [0x0000000080000000, 0x0000000100000000)
  region size 1024K, 20 young (20480K), 20 survivors (20480K)
 Metaspace       used 58240K, capacity 59799K, committed 60032K, reserved 1101824K
  class space    used 7411K, capacity 7998K, committed 8064K, reserved 1048576K
}
Event: 8.454 GC heap before
{Heap before GC invocations=11 (full 0):
 garbage-first heap   total 262144K, used 50483K [0x0000000080000000, 0x0000000100000000)
  region size 1024K, 21 young (21504K), 20 survivors (20480K)
 Metaspace       used 58523K, capacity 60055K, committed 60160K, reserved 1101824K
  class space    used 7430K, capacity 7998K, committed 8064K, reserved 1048576K
}
Event: 8.472 GC heap after
{Heap after GC invocations=12 (full 0):
 garbage-first heap   total 262144K, used 52224K [0x0000000080000000, 0x0000000100000000)
  region size 1024K, 2 young (2048K), 2 survivors (2048K)
 Metaspace       used 58523K, capacity 60055K, committed 60160K, reserved 1101824K
  class space    used 7430K, capacity 7998K, committed 8064K, reserved 1048576K
}
Event: 10.833 GC heap before
{Heap before GC invocations=13 (full 0):
 garbage-first heap   total 262144K, used 204800K [0x0000000080000000, 0x0000000100000000)
  region size 1024K, 151 young (154624K), 2 survivors (2048K)
 Metaspace       used 72106K, capacity 73792K, committed 73984K, reserved 1114112K
  class space    used 9305K, capacity 9929K, committed 9984K, reserved 1048576K
}
Event: 10.848 GC heap after
{Heap after GC invocations=14 (full 0):
 garbage-first heap   total 262144K, used 61440K [0x0000000080000000, 0x0000000100000000)
  region size 1024K, 11 young (11264K), 11 survivors (11264K)
 Metaspace       used 72106K, capacity 73792K, committed 73984K, reserved 1114112K
  class space    used 9305K, capacity 9929K, committed 9984K, reserved 1048576K
}
Event: 13.220 GC heap before
{Heap before GC invocations=14 (full 0):
 garbage-first heap   total 262144K, used 204800K [0x0000000080000000, 0x0000000100000000)
  region size 1024K, 152 young (155648K), 11 survivors (11264K)
 Metaspace       used 82093K, capacity 84156K, committed 84224K, reserved 1122304K
  class space    used 10695K, capacity 11474K, committed 11520K, reserved 1048576K
}
Event: 13.238 GC heap after
{Heap after GC invocations=15 (full 0):
 garbage-first heap   total 262144K, used 70656K [0x0000000080000000, 0x0000000100000000)
  region size 1024K, 9 young (9216K), 9 survivors (9216K)
 Metaspace       used 82093K, capacity 84156K, committed 84224K, reserved 1122304K
  class space    used 10695K, capacity 11474K, committed 11520K, reserved 1048576K
}
Event: 847.966 GC heap before
{Heap before GC invocations=15 (full 0):
 garbage-first heap   total 262144K, used 207872K [0x0000000080000000, 0x0000000100000000)
  region size 1024K, 143 young (146432K), 9 survivors (9216K)
 Metaspace       used 89490K, capacity 91711K, committed 91776K, reserved 1128448K
  class space    used 11578K, capacity 12408K, committed 12416K, reserved 1048576K
}
Event: 847.982 GC heap after
{Heap after GC invocations=16 (full 0):
 garbage-first heap   total 262144K, used 76800K [0x0000000080000000, 0x0000000100000000)
  region size 1024K, 15 young (15360K), 15 survivors (15360K)
 Metaspace       used 89490K, capacity 91711K, committed 91776K, reserved 1128448K
  class space    used 11578K, capacity 12408K, committed 12416K, reserved 1048576K
}
Event: 851.987 GC heap before
{Heap before GC invocations=16 (full 0):
 garbage-first heap   total 262144K, used 209920K [0x0000000080000000, 0x0000000100000000)
  region size 1024K, 146 young (149504K), 15 survivors (15360K)
 Metaspace       used 93712K, capacity 96045K, committed 96384K, reserved 1132544K
  class space    used 11942K, capacity 12817K, committed 12928K, reserved 1048576K
}
Event: 852.010 GC heap after
{Heap after GC invocations=17 (full 0):
 garbage-first heap   total 262144K, used 87902K [0x0000000080000000, 0x0000000100000000)
  region size 1024K, 18 young (18432K), 18 survivors (18432K)
 Metaspace       used 93712K, capacity 96045K, committed 96384K, reserved 1132544K
  class space    used 11942K, capacity 12817K, committed 12928K, reserved 1048576K
}
Event: 852.534 GC heap before
{Heap before GC invocations=17 (full 0):
 garbage-first heap   total 262144K, used 135006K [0x0000000080000000, 0x0000000100000000)
  region size 1024K, 30 young (30720K), 18 survivors (18432K)
 Metaspace       used 94927K, capacity 97339K, committed 97536K, reserved 1134592K
  class space    used 12101K, capacity 13005K, committed 13056K, reserved 1048576K
}
Event: 852.557 GC heap after
{Heap after GC invocations=18 (full 0):
 garbage-first heap   total 262144K, used 123216K [0x0000000080000000, 0x0000000100000000)
  region size 1024K, 2 young (2048K), 2 survivors (2048K)
 Metaspace       used 94927K, capacity 97339K, committed 97536K, reserved 1134592K
  class space    used 12101K, capacity 13005K, committed 13056K, reserved 1048576K
}
Event: 853.158 GC heap before
{Heap before GC invocations=19 (full 0):
 garbage-first heap   total 262144K, used 159056K [0x0000000080000000, 0x0000000100000000)
  region size 1024K, 5 young (5120K), 2 survivors (2048K)
 Metaspace       used 95021K, capacity 97389K, committed 97536K, reserved 1134592K
  class space    used 12115K, capacity 13021K, committed 13056K, reserved 1048576K
}
Event: 853.162 GC heap after
{Heap after GC invocations=20 (full 0):
 garbage-first heap   total 262144K, used 88432K [0x0000000080000000, 0x0000000100000000)
  region size 1024K, 2 young (2048K), 2 survivors (2048K)
 Metaspace       used 95021K, capacity 97389K, committed 97536K, reserved 1134592K
  class space    used 12115K, capacity 13021K, committed 13056K, reserved 1048576K
}
Event: 888.930 GC heap before
{Heap before GC invocations=21 (full 0):
 garbage-first heap   total 262144K, used 208240K [0x0000000080000000, 0x0000000100000000)
  region size 1024K, 99 young (101376K), 2 survivors (2048K)
 Metaspace       used 96343K, capacity 98781K, committed 98944K, reserved 1134592K
  class space    used 12229K, capacity 13179K, committed 13184K, reserved 1048576K
}
Event: 888.936 GC heap after
{Heap after GC invocations=22 (full 0):
 garbage-first heap   total 262144K, used 91559K [0x0000000080000000, 0x0000000100000000)
  region size 1024K, 5 young (5120K), 5 survivors (5120K)
 Metaspace       used 96343K, capacity 98781K, committed 98944K, reserved 1134592K
  class space    used 12229K, capacity 13179K, committed 13184K, reserved 1048576K
}

Deoptimization events (20 events):
Event: 889.543 Thread 0x0000026de361c000 Uncommon trap: trap_request=0xffffff4d fr.pc=0x0000026dcba8c59c relative=0x0000000000003ebc
Event: 889.543 Thread 0x0000026de361c000 Uncommon trap: reason=unstable_if action=reinterpret pc=0x0000026dcba8c59c method=org.gradle.internal.operations.DefaultBuildOperationRunner$3.execute(Lorg/gradle/internal/operations/BuildOperationDescriptor;Lorg/gradle/internal/operations/BuildOperationS
Event: 889.543 Thread 0x0000026de361c000 DEOPT PACKING pc=0x0000026dcba8c59c sp=0x000000948defbdc0
Event: 889.543 Thread 0x0000026de361c000 DEOPT UNPACKING pc=0x0000026dc38178af sp=0x000000948defbcb8 mode 2
Event: 889.561 Thread 0x0000026de3237000 Uncommon trap: trap_request=0xffffff7e fr.pc=0x0000026dcba19740 relative=0x0000000000003cc0
Event: 889.561 Thread 0x0000026de3237000 Uncommon trap: reason=predicate action=maybe_recompile pc=0x0000026dcba19740 method=java.io.ObjectOutputStream$BlockDataOutputStream.getUTFLength(Ljava/lang/String;)J @ 13 c2
Event: 889.561 Thread 0x0000026de3237000 DEOPT PACKING pc=0x0000026dcba19740 sp=0x000000948a0fea30
Event: 889.561 Thread 0x0000026de3237000 DEOPT UNPACKING pc=0x0000026dc38178af sp=0x000000948a0fe8f8 mode 2
Event: 889.561 Thread 0x0000026de3237000 Uncommon trap: trap_request=0xffffff4d fr.pc=0x0000026dcb2c4718 relative=0x0000000000000258
Event: 889.561 Thread 0x0000026de3237000 Uncommon trap: reason=unstable_if action=reinterpret pc=0x0000026dcb2c4718 method=java.lang.String.getChars(II[CI)V @ 23 c2
Event: 889.561 Thread 0x0000026de3237000 DEOPT PACKING pc=0x0000026dcb2c4718 sp=0x000000948a0fe8b0
Event: 889.561 Thread 0x0000026de3237000 DEOPT UNPACKING pc=0x0000026dc38178af sp=0x000000948a0fe870 mode 2
Event: 889.563 Thread 0x0000026de3237000 Uncommon trap: trap_request=0xffffff4d fr.pc=0x0000026dcbac7e54 relative=0x0000000000000594
Event: 889.563 Thread 0x0000026de3237000 Uncommon trap: reason=unstable_if action=reinterpret pc=0x0000026dcbac7e54 method=java.io.ObjectOutputStream$BlockDataOutputStream.writeUTF(Ljava/lang/String;J)V @ 29 c2
Event: 889.563 Thread 0x0000026de3237000 DEOPT PACKING pc=0x0000026dcbac7e54 sp=0x000000948a0fe950
Event: 889.563 Thread 0x0000026de3237000 DEOPT UNPACKING pc=0x0000026dc38178af sp=0x000000948a0fe920 mode 2
Event: 889.564 Thread 0x0000026de3237000 Uncommon trap: trap_request=0xffffff7e fr.pc=0x0000026dcb7b0e0c relative=0x000000000000044c
Event: 889.564 Thread 0x0000026de3237000 Uncommon trap: reason=predicate action=maybe_recompile pc=0x0000026dcb7b0e0c method=java.io.ObjectOutputStream$BlockDataOutputStream.getUTFLength(Ljava/lang/String;)J @ 13 c2
Event: 889.564 Thread 0x0000026de3237000 DEOPT PACKING pc=0x0000026dcb7b0e0c sp=0x000000948a0fe900
Event: 889.564 Thread 0x0000026de3237000 DEOPT UNPACKING pc=0x0000026dc38178af sp=0x000000948a0fe890 mode 2

Classes redefined (0 events):
No events

Internal exceptions (20 events):
Event: 853.336 Thread 0x0000026de3237000 Exception <a 'java/lang/NoSuchMethodError'{0x000000008fd7d350}: 'void java.lang.invoke.DirectMethodHandle$Holder.invokeStatic(java.lang.Object, java.lang.Object, java.lang.Object, int)'> (0x000000008fd7d350) thrown at [./src/hotspot/share/interpreter/linkResolver.cpp, line 773]
Event: 886.456 Thread 0x0000026ddbde0800 Exception <a 'sun/nio/fs/WindowsException'{0x000000008df19db8}> (0x000000008df19db8) thrown at [./src/hotspot/share/prims/jni.cpp, line 615]
Event: 886.641 Thread 0x0000026ddbde0800 Exception <a 'java/lang/NoSuchMethodError'{0x000000008d881140}: 'void java.lang.invoke.DirectMethodHandle$Holder.invokeStatic(java.lang.Object, int, java.lang.Object)'> (0x000000008d881140) thrown at [./src/hotspot/share/interpreter/linkResolver.cpp, line 773]
Event: 886.762 Thread 0x0000026ddbde0800 Exception <a 'sun/nio/fs/WindowsException'{0x000000008d6b0a58}> (0x000000008d6b0a58) thrown at [./src/hotspot/share/prims/jni.cpp, line 615]
Event: 886.777 Thread 0x0000026ddbde0800 Exception <a 'sun/nio/fs/WindowsException'{0x000000008d54ac20}> (0x000000008d54ac20) thrown at [./src/hotspot/share/prims/jni.cpp, line 615]
Event: 886.778 Thread 0x0000026ddbde0800 Exception <a 'sun/nio/fs/WindowsException'{0x000000008d54bcf0}> (0x000000008d54bcf0) thrown at [./src/hotspot/share/prims/jni.cpp, line 615]
Event: 886.778 Thread 0x0000026ddbde0800 Exception <a 'sun/nio/fs/WindowsException'{0x000000008d54ce10}> (0x000000008d54ce10) thrown at [./src/hotspot/share/prims/jni.cpp, line 615]
Event: 886.778 Thread 0x0000026ddbde0800 Exception <a 'sun/nio/fs/WindowsException'{0x000000008d54df30}> (0x000000008d54df30) thrown at [./src/hotspot/share/prims/jni.cpp, line 615]
Event: 886.863 Thread 0x0000026ddbde0800 Exception <a 'java/lang/NoSuchMethodError'{0x000000008d1249d0}: 'java.lang.Object java.lang.invoke.Invokers$Holder.linkToTargetMethod(java.lang.Object, java.lang.Object, java.lang.Object, java.lang.Object, java.lang.Object, java.lang.Object, java.lang.Object)'> (0x000000008d1249d0) thrown at [./src/hotspot/share/interpreter/linkResolver.cpp, line 773]
Event: 888.874 Thread 0x0000026ddbde0800 Exception <a 'sun/nio/fs/WindowsException'{0x000000008a1e4890}> (0x000000008a1e4890) thrown at [./src/hotspot/share/prims/jni.cpp, line 615]
Event: 888.908 Thread 0x0000026ddbde0800 Implicit null exception at 0x0000026dcba97bfe to 0x0000026dcba97d10
Event: 888.995 Thread 0x0000026ddbde0800 Exception <a 'sun/nio/fs/WindowsException'{0x000000008fcb81d8}> (0x000000008fcb81d8) thrown at [./src/hotspot/share/prims/jni.cpp, line 615]
Event: 889.003 Thread 0x0000026ddbde0800 Exception <a 'sun/nio/fs/WindowsException'{0x000000008fb5cfe0}> (0x000000008fb5cfe0) thrown at [./src/hotspot/share/prims/jni.cpp, line 615]
Event: 889.003 Thread 0x0000026ddbde0800 Exception <a 'sun/nio/fs/WindowsException'{0x000000008fb5e0b0}> (0x000000008fb5e0b0) thrown at [./src/hotspot/share/prims/jni.cpp, line 615]
Event: 889.004 Thread 0x0000026ddbde0800 Exception <a 'sun/nio/fs/WindowsException'{0x000000008fb5f1d0}> (0x000000008fb5f1d0) thrown at [./src/hotspot/share/prims/jni.cpp, line 615]
Event: 889.004 Thread 0x0000026ddbde0800 Exception <a 'sun/nio/fs/WindowsException'{0x000000008fb602f0}> (0x000000008fb602f0) thrown at [./src/hotspot/share/prims/jni.cpp, line 615]
Event: 889.542 Thread 0x0000026de361c000 Exception <a 'sun/nio/fs/WindowsException'{0x000000008e9f4f50}> (0x000000008e9f4f50) thrown at [./src/hotspot/share/prims/jni.cpp, line 615]
Event: 889.542 Thread 0x0000026de361c000 Exception <a 'java/lang/reflect/InvocationTargetException'{0x000000008e9f5e18}> (0x000000008e9f5e18) thrown at [./src/hotspot/share/runtime/reflection.cpp, line 1247]
Event: 889.560 Thread 0x0000026de3237000 Exception <a 'java/lang/NoSuchMethodError'{0x000000008e690b48}: <clinit>> (0x000000008e690b48) thrown at [./src/hotspot/share/prims/jni.cpp, line 1362]
Event: 889.561 Thread 0x0000026de3237000 Exception <a 'java/lang/NoSuchMethodError'{0x000000008e6a0810}: <clinit>> (0x000000008e6a0810) thrown at [./src/hotspot/share/prims/jni.cpp, line 1362]

Events (20 events):
Event: 889.547 loading class org/gradle/internal/build/event/types/DefaultFailure
Event: 889.547 loading class org/gradle/internal/build/event/types/DefaultFailure done
Event: 889.547 loading class org/gradle/tooling/internal/protocol/InternalFailure
Event: 889.547 loading class org/gradle/tooling/internal/protocol/InternalFailure done
Event: 889.548 loading class java/lang/Throwable$WrappedPrintWriter
Event: 889.548 loading class java/lang/Throwable$PrintStreamOrWriter
Event: 889.548 loading class java/lang/Throwable$PrintStreamOrWriter done
Event: 889.548 loading class java/lang/Throwable$WrappedPrintWriter done
Event: 889.554 loading class org/gradle/execution/plan/DefaultExecutionPlan
Event: 889.554 loading class org/gradle/execution/plan/DefaultExecutionPlan done
Event: 889.556 loading class org/gradle/tooling/events/task/internal/DefaultTaskFailureResult
Event: 889.556 loading class org/gradle/tooling/events/task/internal/DefaultTaskFailureResult done
Event: 889.557 loading class org/gradle/tooling/events/task/TaskFailureResult
Event: 889.557 loading class org/gradle/tooling/events/task/TaskFailureResult done
Event: 889.557 loading class org/gradle/tooling/events/FailureResult
Event: 889.557 loading class org/gradle/tooling/events/FailureResult done
Event: 889.558 loading class org/gradle/tooling/events/internal/DefaultOperationFailureResult
Event: 889.558 loading class org/gradle/tooling/events/internal/DefaultOperationFailureResult done
Event: 889.559 loading class org/gradle/tooling/internal/consumer/DefaultFailure
Event: 889.559 loading class org/gradle/tooling/internal/consumer/DefaultFailure done


Dynamic libraries:
0x00007ff649f30000 - 0x00007ff649f3a000 	C:\Program Files\Android\Android Studio\jre\bin\java.exe
0x00007fff1c1f0000 - 0x00007fff1c3e5000 	C:\WINDOWS\SYSTEM32\ntdll.dll
0x00007fff1b8b0000 - 0x00007fff1b96e000 	C:\WINDOWS\System32\KERNEL32.DLL
0x00007fff19d10000 - 0x00007fff19fd8000 	C:\WINDOWS\System32\KERNELBASE.dll
0x00007fff199a0000 - 0x00007fff19aa0000 	C:\WINDOWS\System32\ucrtbase.dll
0x00007ffefb770000 - 0x00007ffefb789000 	C:\Program Files\Android\Android Studio\jre\bin\jli.dll
0x00007ffefb790000 - 0x00007ffefb7a7000 	C:\Program Files\Android\Android Studio\jre\bin\VCRUNTIME140.dll
0x00007fff1bf50000 - 0x00007fff1c0f1000 	C:\WINDOWS\System32\USER32.dll
0x00007fff19970000 - 0x00007fff19992000 	C:\WINDOWS\System32\win32u.dll
0x00007fff037b0000 - 0x00007fff03a4a000 	C:\WINDOWS\WinSxS\amd64_microsoft.windows.common-controls_6595b64144ccf1df_6.0.19041.1110_none_60b5254171f9507e\COMCTL32.dll
0x00007fff1a540000 - 0x00007fff1a56b000 	C:\WINDOWS\System32\GDI32.dll
0x00007fff1a420000 - 0x00007fff1a4be000 	C:\WINDOWS\System32\msvcrt.dll
0x00007fff19c00000 - 0x00007fff19d0b000 	C:\WINDOWS\System32\gdi32full.dll
0x00007fff19aa0000 - 0x00007fff19b3d000 	C:\WINDOWS\System32\msvcp_win.dll
0x00007fff1aeb0000 - 0x00007fff1aee0000 	C:\WINDOWS\System32\IMM32.DLL
0x00007ffeeaca0000 - 0x00007ffeead3d000 	C:\Program Files\Android\Android Studio\jre\bin\msvcp140.dll
0x00007ffed54a0000 - 0x00007ffed5f6f000 	C:\Program Files\Android\Android Studio\jre\bin\server\jvm.dll
0x00007fff1ae00000 - 0x00007fff1aeac000 	C:\WINDOWS\System32\ADVAPI32.dll
0x00007fff1b690000 - 0x00007fff1b72b000 	C:\WINDOWS\System32\sechost.dll
0x00007fff1a570000 - 0x00007fff1a69a000 	C:\WINDOWS\System32\RPCRT4.dll
0x00007fff1b730000 - 0x00007fff1b738000 	C:\WINDOWS\System32\PSAPI.DLL
0x00007ffef6e00000 - 0x00007ffef6e09000 	C:\WINDOWS\SYSTEM32\WSOCK32.dll
0x00007fff12b20000 - 0x00007fff12b47000 	C:\WINDOWS\SYSTEM32\WINMM.dll
0x00007fff12e20000 - 0x00007fff12e2a000 	C:\WINDOWS\SYSTEM32\VERSION.dll
0x00007fff1aee0000 - 0x00007fff1af4b000 	C:\WINDOWS\System32\WS2_32.dll
0x00007fff17830000 - 0x00007fff17842000 	C:\WINDOWS\SYSTEM32\kernel.appcore.dll
0x00007fff00090000 - 0x00007fff000a1000 	C:\Program Files\Android\Android Studio\jre\bin\verify.dll
0x00007fff0a6b0000 - 0x00007fff0a894000 	C:\WINDOWS\SYSTEM32\DBGHELP.DLL
0x00007fff0a680000 - 0x00007fff0a6ac000 	C:\WINDOWS\SYSTEM32\dbgcore.DLL
0x00007fff19b70000 - 0x00007fff19bf3000 	C:\WINDOWS\System32\bcryptPrimitives.dll
0x00007ffeff9c0000 - 0x00007ffeff9e9000 	C:\Program Files\Android\Android Studio\jre\bin\java.dll
0x00007fff15600000 - 0x00007fff1560b000 	C:\Program Files\Android\Android Studio\jre\bin\jimage.dll
0x00007ffeff9a0000 - 0x00007ffeff9b8000 	C:\Program Files\Android\Android Studio\jre\bin\zip.dll
0x00007fff1af50000 - 0x00007fff1b68f000 	C:\WINDOWS\System32\SHELL32.dll
0x00007fff17a30000 - 0x00007fff181c0000 	C:\WINDOWS\SYSTEM32\windows.storage.dll
0x00007fff1bbf0000 - 0x00007fff1bf45000 	C:\WINDOWS\System32\combase.dll
0x00007fff192f0000 - 0x00007fff1931e000 	C:\WINDOWS\SYSTEM32\Wldp.dll
0x00007fff1a6a0000 - 0x00007fff1a74d000 	C:\WINDOWS\System32\SHCORE.dll
0x00007fff1a4c0000 - 0x00007fff1a515000 	C:\WINDOWS\System32\shlwapi.dll
0x00007fff19850000 - 0x00007fff1986f000 	C:\WINDOWS\SYSTEM32\profapi.dll
0x00007ffeff980000 - 0x00007ffeff99a000 	C:\Program Files\Android\Android Studio\jre\bin\net.dll
0x00007fff11f90000 - 0x00007fff1209c000 	C:\WINDOWS\SYSTEM32\WINHTTP.dll
0x00007fff18ff0000 - 0x00007fff1905a000 	C:\WINDOWS\system32\mswsock.dll
0x00007ffefbd60000 - 0x00007ffefbd74000 	C:\Program Files\Android\Android Studio\jre\bin\nio.dll
0x00007ffef31f0000 - 0x00007ffef3217000 	C:\Users\kkw22\.gradle\native\8bec1ad78214c89d9ad589b4d07fe93259594b29d510b10fafb7a158f7737e5d\windows-amd64\native-platform.dll
0x00007ffee5010000 - 0x00007ffee514d000 	C:\Users\kkw22\.gradle\native\53dbd7edfb1c66fb8903c78663c9afc45aea4f116125fa6feffd364cf09443e8\windows-amd64\native-platform-file-events.dll
0x00007fff15310000 - 0x00007fff1531a000 	C:\Program Files\Android\Android Studio\jre\bin\management.dll
0x00007fff14000000 - 0x00007fff1400c000 	C:\Program Files\Android\Android Studio\jre\bin\management_ext.dll
0x00007fff191e0000 - 0x00007fff191f8000 	C:\WINDOWS\SYSTEM32\CRYPTSP.dll
0x00007fff18970000 - 0x00007fff189a4000 	C:\WINDOWS\system32\rsaenh.dll
0x00007fff19b40000 - 0x00007fff19b67000 	C:\WINDOWS\System32\bcrypt.dll
0x00007fff19810000 - 0x00007fff1983e000 	C:\WINDOWS\SYSTEM32\USERENV.dll
0x00007fff19200000 - 0x00007fff1920c000 	C:\WINDOWS\SYSTEM32\CRYPTBASE.dll
0x00007fff18ce0000 - 0x00007fff18d1b000 	C:\WINDOWS\SYSTEM32\IPHLPAPI.DLL
0x00007fff1adf0000 - 0x00007fff1adf8000 	C:\WINDOWS\System32\NSI.dll
0x00007fff133b0000 - 0x00007fff133c7000 	C:\WINDOWS\SYSTEM32\dhcpcsvc6.DLL
0x00007fff13390000 - 0x00007fff133ad000 	C:\WINDOWS\SYSTEM32\dhcpcsvc.DLL
0x00007fff18d20000 - 0x00007fff18deb000 	C:\WINDOWS\SYSTEM32\DNSAPI.dll

dbghelp: loaded successfully - version: 4.0.5 - missing functions: none
symbol engine: initialized successfully - sym options: 0x614 - pdb path: .;C:\Program Files\Android\Android Studio\jre\bin;C:\WINDOWS\SYSTEM32;C:\WINDOWS\WinSxS\amd64_microsoft.windows.common-controls_6595b64144ccf1df_6.0.19041.1110_none_60b5254171f9507e;C:\Program Files\Android\Android Studio\jre\bin\server;C:\Users\kkw22\.gradle\native\8bec1ad78214c89d9ad589b4d07fe93259594b29d510b10fafb7a158f7737e5d\windows-amd64;C:\Users\kkw22\.gradle\native\53dbd7edfb1c66fb8903c78663c9afc45aea4f116125fa6feffd364cf09443e8\windows-amd64

VM Arguments:
jvm_args: --add-opens=java.base/java.util=ALL-UNNAMED --add-opens=java.base/java.lang=ALL-UNNAMED --add-opens=java.base/java.lang.invoke=ALL-UNNAMED --add-opens=java.base/java.util=ALL-UNNAMED --add-opens=java.prefs/java.util.prefs=ALL-UNNAMED --add-opens=java.prefs/java.util.prefs=ALL-UNNAMED --add-opens=java.base/java.nio.charset=ALL-UNNAMED --add-opens=java.base/java.net=ALL-UNNAMED --add-opens=java.base/java.util.concurrent.atomic=ALL-UNNAMED -Xmx2048m -Dfile.encoding=x-windows-949 -Duser.country=KR -Duser.language=ko -Duser.variant 
java_command: org.gradle.launcher.daemon.bootstrap.GradleDaemon 7.1.1
java_class_path (initial): C:\Users\kkw22\.gradle\wrapper\dists\gradle-7.1.1-bin\f29rtwfnc96ub43tt7p47zsru\gradle-7.1.1\lib\gradle-launcher-7.1.1.jar
Launcher Type: SUN_STANDARD

[Global flags]
     intx CICompilerCount                          = 3                                         {product} {ergonomic}
     uint ConcGCThreads                            = 1                                         {product} {ergonomic}
     uint G1ConcRefinementThreads                  = 4                                         {product} {ergonomic}
   size_t G1HeapRegionSize                         = 1048576                                   {product} {ergonomic}
    uintx GCDrainStackTargetSize                   = 64                                        {product} {ergonomic}
   size_t InitialHeapSize                          = 268435456                                 {product} {ergonomic}
   size_t MarkStackSize                            = 4194304                                   {product} {ergonomic}
   size_t MaxHeapSize                              = 2147483648                                {product} {command line}
   size_t MaxNewSize                               = 1287651328                                {product} {ergonomic}
   size_t MinHeapDeltaBytes                        = 1048576                                   {product} {ergonomic}
    uintx NonNMethodCodeHeapSize                   = 5830732                                {pd product} {ergonomic}
    uintx NonProfiledCodeHeapSize                  = 122913754                              {pd product} {ergonomic}
    uintx ProfiledCodeHeapSize                     = 122913754                              {pd product} {ergonomic}
    uintx ReservedCodeCacheSize                    = 251658240                              {pd product} {ergonomic}
     bool SegmentedCodeCache                       = true                                      {product} {ergonomic}
     bool UseCompressedClassPointers               = true                                 {lp64_product} {ergonomic}
     bool UseCompressedOops                        = true                                 {lp64_product} {ergonomic}
     bool UseG1GC                                  = true                                      {product} {ergonomic}
     bool UseLargePagesIndividualAllocation        = false                                  {pd product} {ergonomic}

Logging:
Log output configuration:
 #0: stdout all=warning uptime,level,tags
 #1: stderr all=off uptime,level,tags

Environment Variables:
JAVA_HOME=C:\Users\kkw22\AppData\Local\Programs\AdoptOpenJDK\jdk-11.0.9.101-hotspot\
PATH=C:\Program Files (x86)\Common Files\Oracle\Java\javapath;C:\WINDOWS\system32;C:\WINDOWS;C:\WINDOWS\System32\Wbem;C:\WINDOWS\System32\WindowsPowerShell\v1.0\;C:\Program Files (x86)\NVIDIA Corporation\PhysX\Common;C:\WINDOWS\system32;C:\WINDOWS;C:\WINDOWS\System32\Wbem;C:\WINDOWS\System32\WindowsPowerShell\v1.0\;C:\WINDOWS\System32\OpenSSH\;C:\Program Files\NVIDIA Corporation\NVIDIA NvDLISR;C:\Program Files (x86)\IVI Foundation\VISA\WinNT\Bin\;C:\Program Files\IVI Foundation\VISA\Win64\Bin\;C:\Program Files (x86)\IVI Foundation\VISA\WinNT\Bin;C:\Program Files (x86)\Incredibuild;C:\Program Files\dotnet\;C:\Program Files\Git\cmd;C:\Users\kkw22\AppData\Local\Programs\AdoptOpenJDK\jdk-11.0.9.101-hotspot\bin;C:\Users\kkw22\AppData\Local\Microsoft\WindowsApps;C:\Program Files\Bandizip\;C:\Users\kkw22\AppData\Local\GitHubDesktop\bin;C:\Users\kkw22\AppData\Local\Microsoft\WindowsApps;C:\Users\kkw22\AppData\Local\Programs\Microsoft VS Code\bin;C:\Users\kkw22\.dotnet\tools
USERNAME=kkw22
OS=Windows_NT
PROCESSOR_IDENTIFIER=Intel64 Family 6 Model 60 Stepping 3, GenuineIntel



---------------  S Y S T E M  ---------------

OS: Windows 10 , 64 bit Build 19041 (10.0.19041.1348)
OS uptime: 2 days 4:23 hours

CPU:total 4 (initial active 4) (4 cores per cpu, 1 threads per core) family 6 model 60 stepping 3 microcode 0x27, cmov, cx8, fxsr, mmx, sse, sse2, sse3, ssse3, sse4.1, sse4.2, popcnt, avx, avx2, aes, clmul, erms, lzcnt, tsc, tscinvbit, bmi1, bmi2, fma

Memory: 4k page, system-wide physical 16267M (1472M free)
TotalPageFile size 16267M (AvailPageFile size 5M)
current process WorkingSet (physical memory assigned to process): 571M, peak: 574M
current process commit charge ("private bytes"): 600M, peak: 603M

vm_info: OpenJDK 64-Bit Server VM (11.0.10+0-b96-7249189) for windows-amd64 JRE (11.0.10+0-b96-7249189), built on Mar 31 2021 21:44:00 by "builder" with MS VC++ 14.0 (VS2015)

END.
